{"/usr/src/app/config.js": {"path":"/usr/src/app/config.js","statementMap":{"0":{"start":{"line":10,"column":21},"end":{"line":10,"column":46}},"1":{"start":{"line":12,"column":19},"end":{"line":12,"column":23}},"2":{"start":{"line":14,"column":0},"end":{"line":25,"column":1}},"3":{"start":{"line":15,"column":2},"end":{"line":22,"column":3}},"4":{"start":{"line":16,"column":4},"end":{"line":16,"column":53}},"5":{"start":{"line":18,"column":4},"end":{"line":21,"column":5}},"6":{"start":{"line":19,"column":6},"end":{"line":19,"column":69}},"7":{"start":{"line":20,"column":6},"end":{"line":20,"column":47}},"8":{"start":{"line":24,"column":2},"end":{"line":24,"column":43}},"9":{"start":{"line":27,"column":0},"end":{"line":29,"column":1}},"10":{"start":{"line":28,"column":2},"end":{"line":28,"column":60}},"11":{"start":{"line":31,"column":0},"end":{"line":31,"column":30}}},"fnMap":{},"branchMap":{"0":{"loc":{"start":{"line":14,"column":0},"end":{"line":25,"column":1}},"type":"if","locations":[{"start":{"line":14,"column":0},"end":{"line":25,"column":1}},{"start":{"line":23,"column":7},"end":{"line":25,"column":1}}],"line":14},"1":{"loc":{"start":{"line":18,"column":4},"end":{"line":21,"column":5}},"type":"if","locations":[{"start":{"line":18,"column":4},"end":{"line":21,"column":5}},{"start":{},"end":{}}],"line":18},"2":{"loc":{"start":{"line":27,"column":0},"end":{"line":29,"column":1}},"type":"if","locations":[{"start":{"line":27,"column":0},"end":{"line":29,"column":1}},{"start":{},"end":{}}],"line":27}},"s":{"0":1,"1":1,"2":1,"3":0,"4":0,"5":0,"6":0,"7":0,"8":1,"9":1,"10":0,"11":1},"f":{},"b":{"0":[0,1],"1":[0,0],"2":[0,1]},"_coverageSchema":"1a1c01bbd47fc00a2c39e90264f33305004495a9","hash":"bedf72aed4b3849daf5546b2a79d3eedff6dc343"}
,"/usr/src/app/distribution.js": {"path":"/usr/src/app/distribution.js","statementMap":{"0":{"start":{"line":3,"column":13},"end":{"line":3,"column":51}},"1":{"start":{"line":4,"column":12},"end":{"line":4,"column":49}},"2":{"start":{"line":5,"column":13},"end":{"line":5,"column":34}},"3":{"start":{"line":8,"column":0},"end":{"line":14,"column":2}},"4":{"start":{"line":12,"column":4},"end":{"line":12,"column":33}},"5":{"start":{"line":23,"column":0},"end":{"line":25,"column":1}},"6":{"start":{"line":24,"column":2},"end":{"line":24,"column":33}},"7":{"start":{"line":27,"column":0},"end":{"line":29,"column":1}},"8":{"start":{"line":28,"column":2},"end":{"line":28,"column":47}},"9":{"start":{"line":31,"column":0},"end":{"line":38,"column":1}},"10":{"start":{"line":32,"column":21},"end":{"line":32,"column":50}},"11":{"start":{"line":33,"column":2},"end":{"line":33,"column":78}},"12":{"start":{"line":34,"column":2},"end":{"line":35,"column":49}},"13":{"start":{"line":36,"column":2},"end":{"line":37,"column":55}},"14":{"start":{"line":40,"column":21},"end":{"line":47,"column":1}},"15":{"start":{"line":41,"column":2},"end":{"line":44,"column":3}},"16":{"start":{"line":42,"column":4},"end":{"line":42,"column":31}},"17":{"start":{"line":43,"column":4},"end":{"line":43,"column":29}},"18":{"start":{"line":46,"column":2},"end":{"line":46,"column":29}},"19":{"start":{"line":50,"column":0},"end":{"line":52,"column":1}},"20":{"start":{"line":51,"column":2},"end":{"line":51,"column":37}},"21":{"start":{"line":54,"column":0},"end":{"line":54,"column":59}},"22":{"start":{"line":55,"column":0},"end":{"line":55,"column":62}},"23":{"start":{"line":56,"column":0},"end":{"line":56,"column":60}},"24":{"start":{"line":58,"column":0},"end":{"line":60,"column":1}},"25":{"start":{"line":59,"column":2},"end":{"line":59,"column":62}},"26":{"start":{"line":63,"column":0},"end":{"line":63,"column":25}},"27":{"start":{"line":64,"column":0},"end":{"line":65,"column":55}},"28":{"start":{"line":66,"column":0},"end":{"line":67,"column":53}},"29":{"start":{"line":68,"column":0},"end":{"line":69,"column":55}},"30":{"start":{"line":70,"column":0},"end":{"line":71,"column":55}},"31":{"start":{"line":72,"column":0},"end":{"line":73,"column":55}},"32":{"start":{"line":74,"column":0},"end":{"line":75,"column":52}},"33":{"start":{"line":76,"column":0},"end":{"line":77,"column":54}},"34":{"start":{"line":79,"column":0},"end":{"line":79,"column":45}},"35":{"start":{"line":80,"column":0},"end":{"line":80,"column":30}},"36":{"start":{"line":83,"column":0},"end":{"line":86,"column":1}},"37":{"start":{"line":84,"column":2},"end":{"line":84,"column":87}},"38":{"start":{"line":85,"column":2},"end":{"line":85,"column":53}}},"fnMap":{"0":{"name":"(anonymous_0)","decl":{"start":{"line":11,"column":11},"end":{"line":11,"column":12}},"loc":{"start":{"line":11,"column":17},"end":{"line":13,"column":3}},"line":11},"1":{"name":"(anonymous_1)","decl":{"start":{"line":40,"column":21},"end":{"line":40,"column":22}},"loc":{"start":{"line":40,"column":38},"end":{"line":47,"column":1}},"line":40}},"branchMap":{"0":{"loc":{"start":{"line":8,"column":20},"end":{"line":14,"column":1}},"type":"binary-expr","locations":[{"start":{"line":8,"column":20},"end":{"line":8,"column":37}},{"start":{"line":8,"column":41},"end":{"line":14,"column":1}}],"line":8},"1":{"loc":{"start":{"line":23,"column":0},"end":{"line":25,"column":1}},"type":"if","locations":[{"start":{"line":23,"column":0},"end":{"line":25,"column":1}},{"start":{},"end":{}}],"line":23},"2":{"loc":{"start":{"line":27,"column":0},"end":{"line":29,"column":1}},"type":"if","locations":[{"start":{"line":27,"column":0},"end":{"line":29,"column":1}},{"start":{},"end":{}}],"line":27},"3":{"loc":{"start":{"line":31,"column":0},"end":{"line":38,"column":1}},"type":"if","locations":[{"start":{"line":31,"column":0},"end":{"line":38,"column":1}},{"start":{},"end":{}}],"line":31},"4":{"loc":{"start":{"line":33,"column":25},"end":{"line":33,"column":77}},"type":"cond-expr","locations":[{"start":{"line":33,"column":41},"end":{"line":33,"column":54}},{"start":{"line":33,"column":57},"end":{"line":33,"column":77}}],"line":33},"5":{"loc":{"start":{"line":34,"column":27},"end":{"line":35,"column":48}},"type":"cond-expr","locations":[{"start":{"line":35,"column":8},"end":{"line":35,"column":23}},{"start":{"line":35,"column":26},"end":{"line":35,"column":48}}],"line":34},"6":{"loc":{"start":{"line":36,"column":30},"end":{"line":37,"column":54}},"type":"cond-expr","locations":[{"start":{"line":37,"column":8},"end":{"line":37,"column":26}},{"start":{"line":37,"column":29},"end":{"line":37,"column":54}}],"line":36},"7":{"loc":{"start":{"line":41,"column":2},"end":{"line":44,"column":3}},"type":"if","locations":[{"start":{"line":41,"column":2},"end":{"line":44,"column":3}},{"start":{},"end":{}}],"line":41},"8":{"loc":{"start":{"line":50,"column":0},"end":{"line":52,"column":1}},"type":"if","locations":[{"start":{"line":50,"column":0},"end":{"line":52,"column":1}},{"start":{},"end":{}}],"line":50},"9":{"loc":{"start":{"line":83,"column":0},"end":{"line":86,"column":1}},"type":"if","locations":[{"start":{"line":83,"column":0},"end":{"line":86,"column":1}},{"start":{},"end":{}}],"line":83}},"s":{"0":1,"1":1,"2":1,"3":1,"4":0,"5":1,"6":0,"7":1,"8":0,"9":1,"10":0,"11":0,"12":0,"13":0,"14":1,"15":0,"16":0,"17":0,"18":0,"19":1,"20":1,"21":1,"22":1,"23":1,"24":1,"25":7,"26":1,"27":1,"28":1,"29":1,"30":1,"31":1,"32":1,"33":1,"34":1,"35":1,"36":1,"37":0,"38":0},"f":{"0":0,"1":0},"b":{"0":[1,1],"1":[0,1],"2":[0,1],"3":[0,1],"4":[0,0],"5":[0,0],"6":[0,0],"7":[0,0],"8":[1,0],"9":[0,1]},"_coverageSchema":"1a1c01bbd47fc00a2c39e90264f33305004495a9","hash":"2256a1f86192bad32c86f26456351b40660cdb1d"}
,"/usr/src/app/distribution/all/comm.js": {"path":"/usr/src/app/distribution/all/comm.js","statementMap":{"0":{"start":{"line":15,"column":18},"end":{"line":15,"column":20}},"1":{"start":{"line":16,"column":2},"end":{"line":16,"column":36}},"2":{"start":{"line":24,"column":18},"end":{"line":24,"column":19}},"3":{"start":{"line":25,"column":19},"end":{"line":25,"column":21}},"4":{"start":{"line":26,"column":19},"end":{"line":26,"column":21}},"5":{"start":{"line":29,"column":4},"end":{"line":58,"column":7}},"6":{"start":{"line":30,"column":6},"end":{"line":32,"column":7}},"7":{"start":{"line":31,"column":8},"end":{"line":31,"column":35}},"8":{"start":{"line":33,"column":25},"end":{"line":33,"column":55}},"9":{"start":{"line":34,"column":6},"end":{"line":36,"column":7}},"10":{"start":{"line":35,"column":8},"end":{"line":35,"column":38}},"11":{"start":{"line":39,"column":6},"end":{"line":57,"column":7}},"12":{"start":{"line":40,"column":27},"end":{"line":40,"column":45}},"13":{"start":{"line":41,"column":23},"end":{"line":41,"column":59}},"14":{"start":{"line":43,"column":8},"end":{"line":56,"column":11}},"15":{"start":{"line":44,"column":10},"end":{"line":48,"column":11}},"16":{"start":{"line":45,"column":12},"end":{"line":45,"column":31}},"17":{"start":{"line":47,"column":12},"end":{"line":47,"column":31}},"18":{"start":{"line":49,"column":10},"end":{"line":49,"column":20}},"19":{"start":{"line":52,"column":10},"end":{"line":55,"column":11}},"20":{"start":{"line":53,"column":12},"end":{"line":53,"column":37}},"21":{"start":{"line":54,"column":12},"end":{"line":54,"column":19}},"22":{"start":{"line":62,"column":2},"end":{"line":62,"column":16}},"23":{"start":{"line":65,"column":0},"end":{"line":65,"column":22}}},"fnMap":{"0":{"name":"comm","decl":{"start":{"line":14,"column":9},"end":{"line":14,"column":13}},"loc":{"start":{"line":14,"column":22},"end":{"line":63,"column":1}},"line":14},"1":{"name":"send","decl":{"start":{"line":23,"column":11},"end":{"line":23,"column":15}},"loc":{"start":{"line":23,"column":50},"end":{"line":59,"column":3}},"line":23},"2":{"name":"(anonymous_2)","decl":{"start":{"line":29,"column":47},"end":{"line":29,"column":48}},"loc":{"start":{"line":29,"column":68},"end":{"line":58,"column":5}},"line":29},"3":{"name":"(anonymous_3)","decl":{"start":{"line":43,"column":54},"end":{"line":43,"column":55}},"loc":{"start":{"line":43,"column":64},"end":{"line":56,"column":9}},"line":43}},"branchMap":{"0":{"loc":{"start":{"line":16,"column":16},"end":{"line":16,"column":35}},"type":"binary-expr","locations":[{"start":{"line":16,"column":16},"end":{"line":16,"column":26}},{"start":{"line":16,"column":30},"end":{"line":16,"column":35}}],"line":16},"1":{"loc":{"start":{"line":30,"column":6},"end":{"line":32,"column":7}},"type":"if","locations":[{"start":{"line":30,"column":6},"end":{"line":32,"column":7}},{"start":{},"end":{}}],"line":30},"2":{"loc":{"start":{"line":34,"column":6},"end":{"line":36,"column":7}},"type":"if","locations":[{"start":{"line":34,"column":6},"end":{"line":36,"column":7}},{"start":{},"end":{}}],"line":34},"3":{"loc":{"start":{"line":44,"column":10},"end":{"line":48,"column":11}},"type":"if","locations":[{"start":{"line":44,"column":10},"end":{"line":48,"column":11}},{"start":{"line":46,"column":17},"end":{"line":48,"column":11}}],"line":44},"4":{"loc":{"start":{"line":52,"column":10},"end":{"line":55,"column":11}},"type":"if","locations":[{"start":{"line":52,"column":10},"end":{"line":55,"column":11}},{"start":{},"end":{}}],"line":52}},"s":{"0":2,"1":2,"2":0,"3":0,"4":0,"5":0,"6":0,"7":0,"8":0,"9":0,"10":0,"11":0,"12":0,"13":0,"14":0,"15":0,"16":0,"17":0,"18":0,"19":0,"20":0,"21":0,"22":2,"23":1},"f":{"0":2,"1":0,"2":0,"3":0},"b":{"0":[2,0],"1":[0,0],"2":[0,0],"3":[0,0],"4":[0,0]},"_coverageSchema":"1a1c01bbd47fc00a2c39e90264f33305004495a9","hash":"04fd67f7ebe0982be07fc077f4c107646648cb9f"}
,"/usr/src/app/distribution/all/gossip.js": {"path":"/usr/src/app/distribution/all/gossip.js","statementMap":{"0":{"start":{"line":1,"column":15},"end":{"line":18,"column":1}},"1":{"start":{"line":2,"column":18},"end":{"line":2,"column":20}},"2":{"start":{"line":3,"column":2},"end":{"line":3,"column":36}},"3":{"start":{"line":4,"column":2},"end":{"line":6,"column":4}},"4":{"start":{"line":5,"column":4},"end":{"line":5,"column":43}},"5":{"start":{"line":8,"column":2},"end":{"line":17,"column":4}},"6":{"start":{"line":20,"column":0},"end":{"line":20,"column":24}}},"fnMap":{"0":{"name":"(anonymous_0)","decl":{"start":{"line":1,"column":15},"end":{"line":1,"column":16}},"loc":{"start":{"line":1,"column":32},"end":{"line":18,"column":1}},"line":1},"1":{"name":"(anonymous_1)","decl":{"start":{"line":4,"column":36},"end":{"line":4,"column":37}},"loc":{"start":{"line":4,"column":50},"end":{"line":6,"column":3}},"line":4},"2":{"name":"(anonymous_2)","decl":{"start":{"line":9,"column":10},"end":{"line":9,"column":11}},"loc":{"start":{"line":9,"column":41},"end":{"line":10,"column":5}},"line":9},"3":{"name":"(anonymous_3)","decl":{"start":{"line":12,"column":8},"end":{"line":12,"column":9}},"loc":{"start":{"line":12,"column":36},"end":{"line":13,"column":5}},"line":12},"4":{"name":"(anonymous_4)","decl":{"start":{"line":15,"column":9},"end":{"line":15,"column":10}},"loc":{"start":{"line":15,"column":35},"end":{"line":16,"column":5}},"line":15}},"branchMap":{"0":{"loc":{"start":{"line":3,"column":16},"end":{"line":3,"column":35}},"type":"binary-expr","locations":[{"start":{"line":3,"column":16},"end":{"line":3,"column":26}},{"start":{"line":3,"column":30},"end":{"line":3,"column":35}}],"line":3},"1":{"loc":{"start":{"line":4,"column":19},"end":{"line":6,"column":3}},"type":"binary-expr","locations":[{"start":{"line":4,"column":19},"end":{"line":4,"column":32}},{"start":{"line":4,"column":36},"end":{"line":6,"column":3}}],"line":4}},"s":{"0":1,"1":2,"2":2,"3":2,"4":0,"5":2,"6":1},"f":{"0":2,"1":0,"2":0,"3":0,"4":0},"b":{"0":[2,0],"1":[2,2]},"_coverageSchema":"1a1c01bbd47fc00a2c39e90264f33305004495a9","hash":"fda6dae57fcc596aa16506e65438229b5607172d"}
,"/usr/src/app/distribution/all/groups.js": {"path":"/usr/src/app/distribution/all/groups.js","statementMap":{"0":{"start":{"line":4,"column":15},"end":{"line":28,"column":1}},"1":{"start":{"line":5,"column":18},"end":{"line":5,"column":20}},"2":{"start":{"line":6,"column":2},"end":{"line":6,"column":36}},"3":{"start":{"line":8,"column":2},"end":{"line":27,"column":4}},"4":{"start":{"line":30,"column":0},"end":{"line":30,"column":24}}},"fnMap":{"0":{"name":"(anonymous_0)","decl":{"start":{"line":4,"column":15},"end":{"line":4,"column":16}},"loc":{"start":{"line":4,"column":32},"end":{"line":28,"column":1}},"line":4},"1":{"name":"(anonymous_1)","decl":{"start":{"line":9,"column":9},"end":{"line":9,"column":10}},"loc":{"start":{"line":9,"column":38},"end":{"line":12,"column":5}},"line":9},"2":{"name":"(anonymous_2)","decl":{"start":{"line":14,"column":9},"end":{"line":14,"column":10}},"loc":{"start":{"line":14,"column":29},"end":{"line":15,"column":5}},"line":14},"3":{"name":"(anonymous_3)","decl":{"start":{"line":18,"column":9},"end":{"line":18,"column":10}},"loc":{"start":{"line":18,"column":29},"end":{"line":20,"column":5}},"line":18},"4":{"name":"(anonymous_4)","decl":{"start":{"line":22,"column":9},"end":{"line":22,"column":10}},"loc":{"start":{"line":22,"column":35},"end":{"line":23,"column":5}},"line":22},"5":{"name":"(anonymous_5)","decl":{"start":{"line":25,"column":9},"end":{"line":25,"column":10}},"loc":{"start":{"line":25,"column":35},"end":{"line":26,"column":5}},"line":25}},"branchMap":{"0":{"loc":{"start":{"line":6,"column":16},"end":{"line":6,"column":35}},"type":"binary-expr","locations":[{"start":{"line":6,"column":16},"end":{"line":6,"column":26}},{"start":{"line":6,"column":30},"end":{"line":6,"column":35}}],"line":6}},"s":{"0":1,"1":2,"2":2,"3":2,"4":1},"f":{"0":2,"1":0,"2":0,"3":0,"4":0,"5":0},"b":{"0":[2,0]},"_coverageSchema":"1a1c01bbd47fc00a2c39e90264f33305004495a9","hash":"a0e21724efdbe90c1d59cbd8ef8eb4734bc7311f"}
,"/usr/src/app/distribution/all/mem.js": {"path":"/usr/src/app/distribution/all/mem.js","statementMap":{"0":{"start":{"line":3,"column":18},"end":{"line":3,"column":20}},"1":{"start":{"line":4,"column":2},"end":{"line":4,"column":36}},"2":{"start":{"line":5,"column":2},"end":{"line":5,"column":70}},"3":{"start":{"line":9,"column":2},"end":{"line":21,"column":4}},"4":{"start":{"line":24,"column":0},"end":{"line":24,"column":21}}},"fnMap":{"0":{"name":"mem","decl":{"start":{"line":2,"column":9},"end":{"line":2,"column":12}},"loc":{"start":{"line":2,"column":21},"end":{"line":22,"column":1}},"line":2},"1":{"name":"(anonymous_1)","decl":{"start":{"line":10,"column":9},"end":{"line":10,"column":10}},"loc":{"start":{"line":10,"column":38},"end":{"line":11,"column":5}},"line":10},"2":{"name":"(anonymous_2)","decl":{"start":{"line":13,"column":9},"end":{"line":13,"column":10}},"loc":{"start":{"line":13,"column":45},"end":{"line":14,"column":5}},"line":13},"3":{"name":"(anonymous_3)","decl":{"start":{"line":16,"column":9},"end":{"line":16,"column":10}},"loc":{"start":{"line":16,"column":38},"end":{"line":17,"column":5}},"line":16},"4":{"name":"(anonymous_4)","decl":{"start":{"line":19,"column":12},"end":{"line":19,"column":13}},"loc":{"start":{"line":19,"column":41},"end":{"line":20,"column":5}},"line":19}},"branchMap":{"0":{"loc":{"start":{"line":4,"column":16},"end":{"line":4,"column":35}},"type":"binary-expr","locations":[{"start":{"line":4,"column":16},"end":{"line":4,"column":26}},{"start":{"line":4,"column":30},"end":{"line":4,"column":35}}],"line":4},"1":{"loc":{"start":{"line":5,"column":17},"end":{"line":5,"column":69}},"type":"binary-expr","locations":[{"start":{"line":5,"column":17},"end":{"line":5,"column":28}},{"start":{"line":5,"column":32},"end":{"line":5,"column":69}}],"line":5}},"s":{"0":2,"1":2,"2":2,"3":2,"4":1},"f":{"0":2,"1":0,"2":0,"3":0,"4":0},"b":{"0":[2,0],"1":[2,2]},"_coverageSchema":"1a1c01bbd47fc00a2c39e90264f33305004495a9","hash":"937d3917211a952d2a7e85167336171a5a0c2dbb"}
,"/usr/src/app/distribution/all/routes.js": {"path":"/usr/src/app/distribution/all/routes.js","statementMap":{"0":{"start":{"line":4,"column":18},"end":{"line":4,"column":20}},"1":{"start":{"line":5,"column":2},"end":{"line":5,"column":36}},"2":{"start":{"line":23,"column":2},"end":{"line":23,"column":20}},"3":{"start":{"line":26,"column":0},"end":{"line":26,"column":24}}},"fnMap":{"0":{"name":"routes","decl":{"start":{"line":3,"column":9},"end":{"line":3,"column":15}},"loc":{"start":{"line":3,"column":24},"end":{"line":24,"column":1}},"line":3},"1":{"name":"put","decl":{"start":{"line":12,"column":11},"end":{"line":12,"column":14}},"loc":{"start":{"line":12,"column":52},"end":{"line":13,"column":3}},"line":12},"2":{"name":"(anonymous_2)","decl":{"start":{"line":12,"column":41},"end":{"line":12,"column":42}},"loc":{"start":{"line":12,"column":47},"end":{"line":12,"column":50}},"line":12},"3":{"name":"rem","decl":{"start":{"line":20,"column":11},"end":{"line":20,"column":14}},"loc":{"start":{"line":20,"column":52},"end":{"line":21,"column":3}},"line":20},"4":{"name":"(anonymous_4)","decl":{"start":{"line":20,"column":41},"end":{"line":20,"column":42}},"loc":{"start":{"line":20,"column":47},"end":{"line":20,"column":50}},"line":20}},"branchMap":{"0":{"loc":{"start":{"line":5,"column":16},"end":{"line":5,"column":35}},"type":"binary-expr","locations":[{"start":{"line":5,"column":16},"end":{"line":5,"column":26}},{"start":{"line":5,"column":30},"end":{"line":5,"column":35}}],"line":5},"1":{"loc":{"start":{"line":12,"column":30},"end":{"line":12,"column":50}},"type":"default-arg","locations":[{"start":{"line":12,"column":41},"end":{"line":12,"column":50}}],"line":12},"2":{"loc":{"start":{"line":20,"column":30},"end":{"line":20,"column":50}},"type":"default-arg","locations":[{"start":{"line":20,"column":41},"end":{"line":20,"column":50}}],"line":20}},"s":{"0":2,"1":2,"2":2,"3":1},"f":{"0":2,"1":0,"2":0,"3":0,"4":0},"b":{"0":[2,0],"1":[0],"2":[0]},"_coverageSchema":"1a1c01bbd47fc00a2c39e90264f33305004495a9","hash":"3847533e009d883b07039402f9367c810257b411"}
,"/usr/src/app/distribution/all/status.js": {"path":"/usr/src/app/distribution/all/status.js","statementMap":{"0":{"start":{"line":4,"column":15},"end":{"line":125,"column":1}},"1":{"start":{"line":5,"column":18},"end":{"line":5,"column":20}},"2":{"start":{"line":6,"column":2},"end":{"line":6,"column":36}},"3":{"start":{"line":7,"column":17},"end":{"line":7,"column":51}},"4":{"start":{"line":8,"column":2},"end":{"line":8,"column":35}},"5":{"start":{"line":10,"column":2},"end":{"line":124,"column":4}},"6":{"start":{"line":12,"column":6},"end":{"line":25,"column":7}},"7":{"start":{"line":13,"column":8},"end":{"line":24,"column":11}},"8":{"start":{"line":14,"column":10},"end":{"line":17,"column":11}},"9":{"start":{"line":15,"column":12},"end":{"line":15,"column":30}},"10":{"start":{"line":16,"column":12},"end":{"line":16,"column":19}},"11":{"start":{"line":19,"column":29},"end":{"line":19,"column":30}},"12":{"start":{"line":20,"column":10},"end":{"line":22,"column":11}},"13":{"start":{"line":21,"column":12},"end":{"line":21,"column":38}},"14":{"start":{"line":23,"column":10},"end":{"line":23,"column":30}},"15":{"start":{"line":25,"column":8},"end":{"line":38,"column":7}},"16":{"start":{"line":26,"column":8},"end":{"line":37,"column":11}},"17":{"start":{"line":27,"column":10},"end":{"line":30,"column":11}},"18":{"start":{"line":28,"column":12},"end":{"line":28,"column":30}},"19":{"start":{"line":29,"column":12},"end":{"line":29,"column":19}},"20":{"start":{"line":32,"column":28},"end":{"line":32,"column":29}},"21":{"start":{"line":33,"column":10},"end":{"line":35,"column":11}},"22":{"start":{"line":34,"column":12},"end":{"line":34,"column":37}},"23":{"start":{"line":36,"column":10},"end":{"line":36,"column":29}},"24":{"start":{"line":38,"column":8},"end":{"line":46,"column":7}},"25":{"start":{"line":39,"column":8},"end":{"line":45,"column":11}},"26":{"start":{"line":40,"column":10},"end":{"line":43,"column":11}},"27":{"start":{"line":41,"column":12},"end":{"line":41,"column":30}},"28":{"start":{"line":42,"column":12},"end":{"line":42,"column":19}},"29":{"start":{"line":44,"column":10},"end":{"line":44,"column":19}},"30":{"start":{"line":46,"column":8},"end":{"line":54,"column":7}},"31":{"start":{"line":47,"column":8},"end":{"line":53,"column":11}},"32":{"start":{"line":48,"column":10},"end":{"line":51,"column":11}},"33":{"start":{"line":49,"column":12},"end":{"line":49,"column":30}},"34":{"start":{"line":50,"column":12},"end":{"line":50,"column":19}},"35":{"start":{"line":52,"column":10},"end":{"line":52,"column":19}},"36":{"start":{"line":54,"column":8},"end":{"line":67,"column":7}},"37":{"start":{"line":55,"column":8},"end":{"line":66,"column":11}},"38":{"start":{"line":56,"column":10},"end":{"line":59,"column":11}},"39":{"start":{"line":57,"column":12},"end":{"line":57,"column":30}},"40":{"start":{"line":58,"column":12},"end":{"line":58,"column":19}},"41":{"start":{"line":61,"column":28},"end":{"line":61,"column":29}},"42":{"start":{"line":62,"column":10},"end":{"line":64,"column":11}},"43":{"start":{"line":63,"column":12},"end":{"line":63,"column":37}},"44":{"start":{"line":65,"column":10},"end":{"line":65,"column":29}},"45":{"start":{"line":67,"column":8},"end":{"line":75,"column":7}},"46":{"start":{"line":68,"column":8},"end":{"line":74,"column":11}},"47":{"start":{"line":69,"column":10},"end":{"line":72,"column":11}},"48":{"start":{"line":70,"column":12},"end":{"line":70,"column":30}},"49":{"start":{"line":71,"column":12},"end":{"line":71,"column":19}},"50":{"start":{"line":73,"column":10},"end":{"line":73,"column":19}},"51":{"start":{"line":75,"column":8},"end":{"line":83,"column":7}},"52":{"start":{"line":76,"column":8},"end":{"line":82,"column":11}},"53":{"start":{"line":77,"column":10},"end":{"line":80,"column":11}},"54":{"start":{"line":78,"column":12},"end":{"line":78,"column":30}},"55":{"start":{"line":79,"column":12},"end":{"line":79,"column":19}},"56":{"start":{"line":81,"column":10},"end":{"line":81,"column":19}},"57":{"start":{"line":87,"column":21},"end":{"line":87,"column":57}},"58":{"start":{"line":90,"column":22},"end":{"line":96,"column":8}},"59":{"start":{"line":91,"column":8},"end":{"line":93,"column":9}},"60":{"start":{"line":92,"column":10},"end":{"line":92,"column":60}},"61":{"start":{"line":94,"column":8},"end":{"line":94,"column":26}},"62":{"start":{"line":95,"column":8},"end":{"line":95,"column":15}},"63":{"start":{"line":99,"column":6},"end":{"line":101,"column":9}},"64":{"start":{"line":105,"column":21},"end":{"line":105,"column":56}},"65":{"start":{"line":107,"column":6},"end":{"line":113,"column":9}},"66":{"start":{"line":108,"column":8},"end":{"line":110,"column":9}},"67":{"start":{"line":109,"column":10},"end":{"line":109,"column":60}},"68":{"start":{"line":111,"column":8},"end":{"line":111,"column":26}},"69":{"start":{"line":112,"column":8},"end":{"line":112,"column":15}},"70":{"start":{"line":116,"column":6},"end":{"line":122,"column":9}},"71":{"start":{"line":117,"column":8},"end":{"line":119,"column":9}},"72":{"start":{"line":118,"column":10},"end":{"line":118,"column":60}},"73":{"start":{"line":120,"column":8},"end":{"line":120,"column":26}},"74":{"start":{"line":121,"column":8},"end":{"line":121,"column":15}},"75":{"start":{"line":127,"column":0},"end":{"line":127,"column":24}}},"fnMap":{"0":{"name":"(anonymous_0)","decl":{"start":{"line":4,"column":15},"end":{"line":4,"column":16}},"loc":{"start":{"line":4,"column":32},"end":{"line":125,"column":1}},"line":4},"1":{"name":"(anonymous_1)","decl":{"start":{"line":11,"column":9},"end":{"line":11,"column":10}},"loc":{"start":{"line":11,"column":38},"end":{"line":84,"column":5}},"line":11},"2":{"name":"(anonymous_2)","decl":{"start":{"line":13,"column":60},"end":{"line":13,"column":61}},"loc":{"start":{"line":13,"column":70},"end":{"line":24,"column":9}},"line":13},"3":{"name":"(anonymous_3)","decl":{"start":{"line":26,"column":59},"end":{"line":26,"column":60}},"loc":{"start":{"line":26,"column":69},"end":{"line":37,"column":9}},"line":26},"4":{"name":"(anonymous_4)","decl":{"start":{"line":39,"column":54},"end":{"line":39,"column":55}},"loc":{"start":{"line":39,"column":64},"end":{"line":45,"column":9}},"line":39},"5":{"name":"(anonymous_5)","decl":{"start":{"line":47,"column":54},"end":{"line":47,"column":55}},"loc":{"start":{"line":47,"column":64},"end":{"line":53,"column":9}},"line":47},"6":{"name":"(anonymous_6)","decl":{"start":{"line":55,"column":57},"end":{"line":55,"column":58}},"loc":{"start":{"line":55,"column":67},"end":{"line":66,"column":9}},"line":55},"7":{"name":"(anonymous_7)","decl":{"start":{"line":68,"column":55},"end":{"line":68,"column":56}},"loc":{"start":{"line":68,"column":65},"end":{"line":74,"column":9}},"line":68},"8":{"name":"(anonymous_8)","decl":{"start":{"line":76,"column":55},"end":{"line":76,"column":56}},"loc":{"start":{"line":76,"column":65},"end":{"line":82,"column":9}},"line":76},"9":{"name":"(anonymous_9)","decl":{"start":{"line":86,"column":11},"end":{"line":86,"column":12}},"loc":{"start":{"line":86,"column":40},"end":{"line":102,"column":5}},"line":86},"10":{"name":"(anonymous_10)","decl":{"start":{"line":90,"column":74},"end":{"line":90,"column":75}},"loc":{"start":{"line":90,"column":84},"end":{"line":96,"column":7}},"line":90},"11":{"name":"(anonymous_11)","decl":{"start":{"line":99,"column":57},"end":{"line":99,"column":58}},"loc":{"start":{"line":99,"column":67},"end":{"line":101,"column":7}},"line":99},"12":{"name":"(anonymous_12)","decl":{"start":{"line":104,"column":10},"end":{"line":104,"column":11}},"loc":{"start":{"line":104,"column":24},"end":{"line":123,"column":5}},"line":104},"13":{"name":"(anonymous_13)","decl":{"start":{"line":107,"column":47},"end":{"line":107,"column":48}},"loc":{"start":{"line":107,"column":57},"end":{"line":113,"column":7}},"line":107},"14":{"name":"(anonymous_14)","decl":{"start":{"line":116,"column":47},"end":{"line":116,"column":48}},"loc":{"start":{"line":116,"column":57},"end":{"line":122,"column":7}},"line":116}},"branchMap":{"0":{"loc":{"start":{"line":6,"column":16},"end":{"line":6,"column":35}},"type":"binary-expr","locations":[{"start":{"line":6,"column":16},"end":{"line":6,"column":26}},{"start":{"line":6,"column":30},"end":{"line":6,"column":35}}],"line":6},"1":{"loc":{"start":{"line":12,"column":6},"end":{"line":25,"column":7}},"type":"if","locations":[{"start":{"line":12,"column":6},"end":{"line":25,"column":7}},{"start":{},"end":{}}],"line":12},"2":{"loc":{"start":{"line":14,"column":10},"end":{"line":17,"column":11}},"type":"if","locations":[{"start":{"line":14,"column":10},"end":{"line":17,"column":11}},{"start":{},"end":{}}],"line":14},"3":{"loc":{"start":{"line":25,"column":8},"end":{"line":38,"column":7}},"type":"if","locations":[{"start":{"line":25,"column":8},"end":{"line":38,"column":7}},{"start":{},"end":{}}],"line":25},"4":{"loc":{"start":{"line":27,"column":10},"end":{"line":30,"column":11}},"type":"if","locations":[{"start":{"line":27,"column":10},"end":{"line":30,"column":11}},{"start":{},"end":{}}],"line":27},"5":{"loc":{"start":{"line":38,"column":8},"end":{"line":46,"column":7}},"type":"if","locations":[{"start":{"line":38,"column":8},"end":{"line":46,"column":7}},{"start":{},"end":{}}],"line":38},"6":{"loc":{"start":{"line":40,"column":10},"end":{"line":43,"column":11}},"type":"if","locations":[{"start":{"line":40,"column":10},"end":{"line":43,"column":11}},{"start":{},"end":{}}],"line":40},"7":{"loc":{"start":{"line":46,"column":8},"end":{"line":54,"column":7}},"type":"if","locations":[{"start":{"line":46,"column":8},"end":{"line":54,"column":7}},{"start":{},"end":{}}],"line":46},"8":{"loc":{"start":{"line":48,"column":10},"end":{"line":51,"column":11}},"type":"if","locations":[{"start":{"line":48,"column":10},"end":{"line":51,"column":11}},{"start":{},"end":{}}],"line":48},"9":{"loc":{"start":{"line":54,"column":8},"end":{"line":67,"column":7}},"type":"if","locations":[{"start":{"line":54,"column":8},"end":{"line":67,"column":7}},{"start":{},"end":{}}],"line":54},"10":{"loc":{"start":{"line":56,"column":10},"end":{"line":59,"column":11}},"type":"if","locations":[{"start":{"line":56,"column":10},"end":{"line":59,"column":11}},{"start":{},"end":{}}],"line":56},"11":{"loc":{"start":{"line":67,"column":8},"end":{"line":75,"column":7}},"type":"if","locations":[{"start":{"line":67,"column":8},"end":{"line":75,"column":7}},{"start":{},"end":{}}],"line":67},"12":{"loc":{"start":{"line":69,"column":10},"end":{"line":72,"column":11}},"type":"if","locations":[{"start":{"line":69,"column":10},"end":{"line":72,"column":11}},{"start":{},"end":{}}],"line":69},"13":{"loc":{"start":{"line":75,"column":8},"end":{"line":83,"column":7}},"type":"if","locations":[{"start":{"line":75,"column":8},"end":{"line":83,"column":7}},{"start":{},"end":{}}],"line":75},"14":{"loc":{"start":{"line":77,"column":10},"end":{"line":80,"column":11}},"type":"if","locations":[{"start":{"line":77,"column":10},"end":{"line":80,"column":11}},{"start":{},"end":{}}],"line":77},"15":{"loc":{"start":{"line":91,"column":8},"end":{"line":93,"column":9}},"type":"if","locations":[{"start":{"line":91,"column":8},"end":{"line":93,"column":9}},{"start":{},"end":{}}],"line":91},"16":{"loc":{"start":{"line":108,"column":8},"end":{"line":110,"column":9}},"type":"if","locations":[{"start":{"line":108,"column":8},"end":{"line":110,"column":9}},{"start":{},"end":{}}],"line":108},"17":{"loc":{"start":{"line":117,"column":8},"end":{"line":119,"column":9}},"type":"if","locations":[{"start":{"line":117,"column":8},"end":{"line":119,"column":9}},{"start":{},"end":{}}],"line":117}},"s":{"0":1,"1":2,"2":2,"3":2,"4":2,"5":2,"6":0,"7":0,"8":0,"9":0,"10":0,"11":0,"12":0,"13":0,"14":0,"15":0,"16":0,"17":0,"18":0,"19":0,"20":0,"21":0,"22":0,"23":0,"24":0,"25":0,"26":0,"27":0,"28":0,"29":0,"30":0,"31":0,"32":0,"33":0,"34":0,"35":0,"36":0,"37":0,"38":0,"39":0,"40":0,"41":0,"42":0,"43":0,"44":0,"45":0,"46":0,"47":0,"48":0,"49":0,"50":0,"51":0,"52":0,"53":0,"54":0,"55":0,"56":0,"57":0,"58":0,"59":0,"60":0,"61":0,"62":0,"63":0,"64":0,"65":0,"66":0,"67":0,"68":0,"69":0,"70":0,"71":0,"72":0,"73":0,"74":0,"75":1},"f":{"0":2,"1":0,"2":0,"3":0,"4":0,"5":0,"6":0,"7":0,"8":0,"9":0,"10":0,"11":0,"12":0,"13":0,"14":0},"b":{"0":[2,0],"1":[0,0],"2":[0,0],"3":[0,0],"4":[0,0],"5":[0,0],"6":[0,0],"7":[0,0],"8":[0,0],"9":[0,0],"10":[0,0],"11":[0,0],"12":[0,0],"13":[0,0],"14":[0,0],"15":[0,0],"16":[0,0],"17":[0,0]},"_coverageSchema":"1a1c01bbd47fc00a2c39e90264f33305004495a9","hash":"645cac30eaee11c91b96de33bddf31bf7c5fade5"}
,"/usr/src/app/distribution/all/store.js": {"path":"/usr/src/app/distribution/all/store.js","statementMap":{"0":{"start":{"line":1,"column":14},"end":{"line":19,"column":1}},"1":{"start":{"line":2,"column":18},"end":{"line":2,"column":20}},"2":{"start":{"line":3,"column":2},"end":{"line":3,"column":36}},"3":{"start":{"line":4,"column":2},"end":{"line":4,"column":70}},"4":{"start":{"line":5,"column":2},"end":{"line":18,"column":4}},"5":{"start":{"line":21,"column":0},"end":{"line":21,"column":23}}},"fnMap":{"0":{"name":"(anonymous_0)","decl":{"start":{"line":1,"column":14},"end":{"line":1,"column":15}},"loc":{"start":{"line":1,"column":31},"end":{"line":19,"column":1}},"line":1},"1":{"name":"(anonymous_1)","decl":{"start":{"line":6,"column":9},"end":{"line":6,"column":10}},"loc":{"start":{"line":6,"column":38},"end":{"line":7,"column":5}},"line":6},"2":{"name":"(anonymous_2)","decl":{"start":{"line":9,"column":9},"end":{"line":9,"column":10}},"loc":{"start":{"line":9,"column":45},"end":{"line":10,"column":5}},"line":9},"3":{"name":"(anonymous_3)","decl":{"start":{"line":12,"column":9},"end":{"line":12,"column":10}},"loc":{"start":{"line":12,"column":38},"end":{"line":13,"column":5}},"line":12},"4":{"name":"(anonymous_4)","decl":{"start":{"line":15,"column":12},"end":{"line":15,"column":13}},"loc":{"start":{"line":15,"column":41},"end":{"line":16,"column":5}},"line":15}},"branchMap":{"0":{"loc":{"start":{"line":3,"column":16},"end":{"line":3,"column":35}},"type":"binary-expr","locations":[{"start":{"line":3,"column":16},"end":{"line":3,"column":26}},{"start":{"line":3,"column":30},"end":{"line":3,"column":35}}],"line":3},"1":{"loc":{"start":{"line":4,"column":17},"end":{"line":4,"column":69}},"type":"binary-expr","locations":[{"start":{"line":4,"column":17},"end":{"line":4,"column":28}},{"start":{"line":4,"column":32},"end":{"line":4,"column":69}}],"line":4}},"s":{"0":1,"1":2,"2":2,"3":2,"4":2,"5":1},"f":{"0":2,"1":0,"2":0,"3":0,"4":0},"b":{"0":[2,0],"1":[2,2]},"_coverageSchema":"1a1c01bbd47fc00a2c39e90264f33305004495a9","hash":"a603d57030a2561e8bcf8640757d0598363fda59"}
,"/usr/src/app/distribution/local/comm.js": {"path":"/usr/src/app/distribution/local/comm.js","statementMap":{"0":{"start":{"line":5,"column":13},"end":{"line":5,"column":33}},"1":{"start":{"line":6,"column":20},"end":{"line":6,"column":52}},"2":{"start":{"line":23,"column":15},"end":{"line":23,"column":33}},"3":{"start":{"line":26,"column":18},"end":{"line":35,"column":3}},"4":{"start":{"line":36,"column":2},"end":{"line":36,"column":41}},"5":{"start":{"line":38,"column":14},"end":{"line":65,"column":4}},"6":{"start":{"line":39,"column":23},"end":{"line":39,"column":25}},"7":{"start":{"line":42,"column":4},"end":{"line":44,"column":7}},"8":{"start":{"line":43,"column":6},"end":{"line":43,"column":28}},"9":{"start":{"line":47,"column":4},"end":{"line":64,"column":7}},"10":{"start":{"line":48,"column":6},"end":{"line":63,"column":7}},"11":{"start":{"line":50,"column":8},"end":{"line":54,"column":9}},"12":{"start":{"line":51,"column":10},"end":{"line":51,"column":44}},"13":{"start":{"line":53,"column":10},"end":{"line":53,"column":80}},"14":{"start":{"line":56,"column":8},"end":{"line":60,"column":9}},"15":{"start":{"line":57,"column":10},"end":{"line":57,"column":100}},"16":{"start":{"line":59,"column":10},"end":{"line":59,"column":33}},"17":{"start":{"line":62,"column":8},"end":{"line":62,"column":66}},"18":{"start":{"line":68,"column":2},"end":{"line":70,"column":5}},"19":{"start":{"line":69,"column":4},"end":{"line":69,"column":24}},"20":{"start":{"line":73,"column":2},"end":{"line":73,"column":18}},"21":{"start":{"line":74,"column":2},"end":{"line":74,"column":12}},"22":{"start":{"line":77,"column":0},"end":{"line":77,"column":24}}},"fnMap":{"0":{"name":"send","decl":{"start":{"line":22,"column":9},"end":{"line":22,"column":13}},"loc":{"start":{"line":22,"column":41},"end":{"line":75,"column":1}},"line":22},"1":{"name":"(anonymous_1)","decl":{"start":{"line":38,"column":36},"end":{"line":38,"column":37}},"loc":{"start":{"line":38,"column":45},"end":{"line":65,"column":3}},"line":38},"2":{"name":"(anonymous_2)","decl":{"start":{"line":42,"column":19},"end":{"line":42,"column":20}},"loc":{"start":{"line":42,"column":30},"end":{"line":44,"column":5}},"line":42},"3":{"name":"(anonymous_3)","decl":{"start":{"line":47,"column":18},"end":{"line":47,"column":19}},"loc":{"start":{"line":47,"column":24},"end":{"line":64,"column":5}},"line":47},"4":{"name":"(anonymous_4)","decl":{"start":{"line":68,"column":18},"end":{"line":68,"column":19}},"loc":{"start":{"line":68,"column":27},"end":{"line":70,"column":3}},"line":68}},"branchMap":{"0":{"loc":{"start":{"line":29,"column":14},"end":{"line":29,"column":35}},"type":"binary-expr","locations":[{"start":{"line":29,"column":14},"end":{"line":29,"column":24}},{"start":{"line":29,"column":28},"end":{"line":29,"column":35}}],"line":29},"1":{"loc":{"start":{"line":48,"column":6},"end":{"line":63,"column":7}},"type":"if","locations":[{"start":{"line":48,"column":6},"end":{"line":63,"column":7}},{"start":{"line":61,"column":13},"end":{"line":63,"column":7}}],"line":48},"2":{"loc":{"start":{"line":56,"column":8},"end":{"line":60,"column":9}},"type":"if","locations":[{"start":{"line":56,"column":8},"end":{"line":60,"column":9}},{"start":{"line":58,"column":15},"end":{"line":60,"column":9}}],"line":56},"3":{"loc":{"start":{"line":57,"column":29},"end":{"line":57,"column":91}},"type":"binary-expr","locations":[{"start":{"line":57,"column":29},"end":{"line":57,"column":41}},{"start":{"line":57,"column":45},"end":{"line":57,"column":91}}],"line":57}},"s":{"0":1,"1":1,"2":14,"3":14,"4":14,"5":14,"6":6,"7":6,"8":6,"9":6,"10":6,"11":6,"12":6,"13":0,"14":6,"15":0,"16":6,"17":0,"18":14,"19":8,"20":14,"21":14,"22":1},"f":{"0":14,"1":6,"2":6,"3":6,"4":8},"b":{"0":[14,13],"1":[6,0],"2":[0,6],"3":[0,0]},"_coverageSchema":"1a1c01bbd47fc00a2c39e90264f33305004495a9","hash":"c9d0f5f47d7c542e5b35fbe789f4aab3242335a8"}
,"/usr/src/app/distribution/local/gossip.js": {"path":"/usr/src/app/distribution/local/gossip.js","statementMap":{"0":{"start":{"line":1,"column":15},"end":{"line":1,"column":17}},"1":{"start":{"line":4,"column":0},"end":{"line":5,"column":2}},"2":{"start":{"line":7,"column":0},"end":{"line":7,"column":24}}},"fnMap":{"0":{"name":"(anonymous_0)","decl":{"start":{"line":4,"column":14},"end":{"line":4,"column":15}},"loc":{"start":{"line":4,"column":42},"end":{"line":5,"column":1}},"line":4}},"branchMap":{},"s":{"0":1,"1":1,"2":1},"f":{"0":0},"b":{},"_coverageSchema":"1a1c01bbd47fc00a2c39e90264f33305004495a9","hash":"1b005619ce8d91dd7a2686ea9dc19a59529efd08"}
,"/usr/src/app/distribution/local/groups.js": {"path":"/usr/src/app/distribution/local/groups.js","statementMap":{"0":{"start":{"line":1,"column":13},"end":{"line":1,"column":36}},"1":{"start":{"line":3,"column":15},"end":{"line":3,"column":17}},"2":{"start":{"line":10,"column":0},"end":{"line":17,"column":2}},"3":{"start":{"line":11,"column":2},"end":{"line":15,"column":3}},"4":{"start":{"line":12,"column":4},"end":{"line":12,"column":33}},"5":{"start":{"line":14,"column":4},"end":{"line":14,"column":54}},"6":{"start":{"line":16,"column":2},"end":{"line":16,"column":9}},"7":{"start":{"line":19,"column":0},"end":{"line":38,"column":2}},"8":{"start":{"line":21,"column":2},"end":{"line":23,"column":3}},"9":{"start":{"line":22,"column":4},"end":{"line":22,"column":27}},"10":{"start":{"line":24,"column":2},"end":{"line":24,"column":25}},"11":{"start":{"line":26,"column":2},"end":{"line":26,"column":35}},"12":{"start":{"line":27,"column":2},"end":{"line":27,"column":79}},"13":{"start":{"line":28,"column":2},"end":{"line":28,"column":75}},"14":{"start":{"line":29,"column":2},"end":{"line":29,"column":79}},"15":{"start":{"line":30,"column":2},"end":{"line":30,"column":79}},"16":{"start":{"line":31,"column":2},"end":{"line":31,"column":79}},"17":{"start":{"line":32,"column":2},"end":{"line":32,"column":73}},"18":{"start":{"line":33,"column":2},"end":{"line":33,"column":77}},"19":{"start":{"line":34,"column":2},"end":{"line":36,"column":3}},"20":{"start":{"line":35,"column":4},"end":{"line":35,"column":35}},"21":{"start":{"line":37,"column":2},"end":{"line":37,"column":9}},"22":{"start":{"line":40,"column":0},"end":{"line":49,"column":2}},"23":{"start":{"line":41,"column":2},"end":{"line":47,"column":3}},"24":{"start":{"line":42,"column":4},"end":{"line":42,"column":55}},"25":{"start":{"line":44,"column":20},"end":{"line":44,"column":32}},"26":{"start":{"line":45,"column":4},"end":{"line":45,"column":24}},"27":{"start":{"line":46,"column":4},"end":{"line":46,"column":28}},"28":{"start":{"line":48,"column":2},"end":{"line":48,"column":9}},"29":{"start":{"line":51,"column":0},"end":{"line":60,"column":2}},"30":{"start":{"line":52,"column":2},"end":{"line":54,"column":3}},"31":{"start":{"line":53,"column":4},"end":{"line":53,"column":32}},"32":{"start":{"line":55,"column":2},"end":{"line":55,"column":39}},"33":{"start":{"line":56,"column":2},"end":{"line":58,"column":3}},"34":{"start":{"line":57,"column":4},"end":{"line":57,"column":33}},"35":{"start":{"line":59,"column":2},"end":{"line":59,"column":9}},"36":{"start":{"line":62,"column":0},"end":{"line":73,"column":2}},"37":{"start":{"line":63,"column":2},"end":{"line":67,"column":3}},"38":{"start":{"line":64,"column":4},"end":{"line":64,"column":32}},"39":{"start":{"line":65,"column":9},"end":{"line":67,"column":3}},"40":{"start":{"line":66,"column":4},"end":{"line":66,"column":58}},"41":{"start":{"line":68,"column":2},"end":{"line":68,"column":28}},"42":{"start":{"line":69,"column":2},"end":{"line":71,"column":3}},"43":{"start":{"line":70,"column":4},"end":{"line":70,"column":25}},"44":{"start":{"line":72,"column":2},"end":{"line":72,"column":9}},"45":{"start":{"line":75,"column":0},"end":{"line":75,"column":24}}},"fnMap":{"0":{"name":"(anonymous_0)","decl":{"start":{"line":10,"column":13},"end":{"line":10,"column":14}},"loc":{"start":{"line":10,"column":38},"end":{"line":17,"column":1}},"line":10},"1":{"name":"(anonymous_1)","decl":{"start":{"line":19,"column":13},"end":{"line":19,"column":14}},"loc":{"start":{"line":19,"column":47},"end":{"line":38,"column":1}},"line":19},"2":{"name":"(anonymous_2)","decl":{"start":{"line":40,"column":13},"end":{"line":40,"column":14}},"loc":{"start":{"line":40,"column":38},"end":{"line":49,"column":1}},"line":40},"3":{"name":"(anonymous_3)","decl":{"start":{"line":51,"column":13},"end":{"line":51,"column":14}},"loc":{"start":{"line":51,"column":44},"end":{"line":60,"column":1}},"line":51},"4":{"name":"(anonymous_4)","decl":{"start":{"line":62,"column":13},"end":{"line":62,"column":14}},"loc":{"start":{"line":62,"column":44},"end":{"line":73,"column":1}},"line":62}},"branchMap":{"0":{"loc":{"start":{"line":11,"column":2},"end":{"line":15,"column":3}},"type":"if","locations":[{"start":{"line":11,"column":2},"end":{"line":15,"column":3}},{"start":{"line":13,"column":9},"end":{"line":15,"column":3}}],"line":11},"1":{"loc":{"start":{"line":21,"column":2},"end":{"line":23,"column":3}},"type":"if","locations":[{"start":{"line":21,"column":2},"end":{"line":23,"column":3}},{"start":{},"end":{}}],"line":21},"2":{"loc":{"start":{"line":21,"column":6},"end":{"line":21,"column":52}},"type":"binary-expr","locations":[{"start":{"line":21,"column":6},"end":{"line":21,"column":33}},{"start":{"line":21,"column":37},"end":{"line":21,"column":52}}],"line":21},"3":{"loc":{"start":{"line":34,"column":2},"end":{"line":36,"column":3}},"type":"if","locations":[{"start":{"line":34,"column":2},"end":{"line":36,"column":3}},{"start":{},"end":{}}],"line":34},"4":{"loc":{"start":{"line":41,"column":2},"end":{"line":47,"column":3}},"type":"if","locations":[{"start":{"line":41,"column":2},"end":{"line":47,"column":3}},{"start":{"line":43,"column":9},"end":{"line":47,"column":3}}],"line":41},"5":{"loc":{"start":{"line":52,"column":2},"end":{"line":54,"column":3}},"type":"if","locations":[{"start":{"line":52,"column":2},"end":{"line":54,"column":3}},{"start":{},"end":{}}],"line":52},"6":{"loc":{"start":{"line":56,"column":2},"end":{"line":58,"column":3}},"type":"if","locations":[{"start":{"line":56,"column":2},"end":{"line":58,"column":3}},{"start":{},"end":{}}],"line":56},"7":{"loc":{"start":{"line":63,"column":2},"end":{"line":67,"column":3}},"type":"if","locations":[{"start":{"line":63,"column":2},"end":{"line":67,"column":3}},{"start":{"line":65,"column":9},"end":{"line":67,"column":3}}],"line":63},"8":{"loc":{"start":{"line":65,"column":9},"end":{"line":67,"column":3}},"type":"if","locations":[{"start":{"line":65,"column":9},"end":{"line":67,"column":3}},{"start":{},"end":{}}],"line":65},"9":{"loc":{"start":{"line":69,"column":2},"end":{"line":71,"column":3}},"type":"if","locations":[{"start":{"line":69,"column":2},"end":{"line":71,"column":3}},{"start":{},"end":{}}],"line":69}},"s":{"0":1,"1":1,"2":1,"3":0,"4":0,"5":0,"6":0,"7":1,"8":1,"9":1,"10":1,"11":1,"12":1,"13":1,"14":1,"15":1,"16":1,"17":1,"18":1,"19":1,"20":1,"21":1,"22":1,"23":0,"24":0,"25":0,"26":0,"27":0,"28":0,"29":1,"30":0,"31":0,"32":0,"33":0,"34":0,"35":0,"36":1,"37":0,"38":0,"39":0,"40":0,"41":0,"42":0,"43":0,"44":0,"45":1},"f":{"0":0,"1":1,"2":0,"3":0,"4":0},"b":{"0":[0,0],"1":[1,0],"2":[1,1],"3":[1,0],"4":[0,0],"5":[0,0],"6":[0,0],"7":[0,0],"8":[0,0],"9":[0,0]},"_coverageSchema":"1a1c01bbd47fc00a2c39e90264f33305004495a9","hash":"4356450557fc750120394582c29e470e09ab0583"}
,"/usr/src/app/distribution/local/local.js": {"path":"/usr/src/app/distribution/local/local.js","statementMap":{"0":{"start":{"line":14,"column":15},"end":{"line":14,"column":34}},"1":{"start":{"line":18,"column":15},"end":{"line":18,"column":34}},"2":{"start":{"line":22,"column":15},"end":{"line":22,"column":34}},"3":{"start":{"line":26,"column":13},"end":{"line":26,"column":30}},"4":{"start":{"line":30,"column":15},"end":{"line":30,"column":34}},"5":{"start":{"line":34,"column":12},"end":{"line":34,"column":28}},"6":{"start":{"line":38,"column":14},"end":{"line":38,"column":32}},"7":{"start":{"line":40,"column":0},"end":{"line":48,"column":2}}},"fnMap":{},"branchMap":{},"s":{"0":1,"1":1,"2":1,"3":1,"4":1,"5":1,"6":1,"7":1},"f":{},"b":{},"_coverageSchema":"1a1c01bbd47fc00a2c39e90264f33305004495a9","hash":"cbbfdc6bcc9349ccb050e52d6c0c88cf9217be5b"}
,"/usr/src/app/distribution/local/mem.js": {"path":"/usr/src/app/distribution/local/mem.js","statementMap":{"0":{"start":{"line":11,"column":0},"end":{"line":11,"column":33}}},"fnMap":{"0":{"name":"put","decl":{"start":{"line":2,"column":9},"end":{"line":2,"column":12}},"loc":{"start":{"line":2,"column":45},"end":{"line":3,"column":1}},"line":2},"1":{"name":"get","decl":{"start":{"line":5,"column":9},"end":{"line":5,"column":12}},"loc":{"start":{"line":5,"column":38},"end":{"line":6,"column":1}},"line":5},"2":{"name":"del","decl":{"start":{"line":8,"column":9},"end":{"line":8,"column":12}},"loc":{"start":{"line":8,"column":38},"end":{"line":9,"column":1}},"line":8}},"branchMap":{},"s":{"0":1},"f":{"0":0,"1":0,"2":0},"b":{},"_coverageSchema":"1a1c01bbd47fc00a2c39e90264f33305004495a9","hash":"f14f501d3a88cbf9ca8ad63e64346f7cf5a54c7e"}
,"/usr/src/app/distribution/local/node.js": {"path":"/usr/src/app/distribution/local/node.js","statementMap":{"0":{"start":{"line":1,"column":13},"end":{"line":1,"column":28}},"1":{"start":{"line":2,"column":12},"end":{"line":2,"column":26}},"2":{"start":{"line":3,"column":12},"end":{"line":3,"column":34}},"3":{"start":{"line":4,"column":15},"end":{"line":4,"column":41}},"4":{"start":{"line":14,"column":2},"end":{"line":16,"column":3}},"5":{"start":{"line":15,"column":4},"end":{"line":15,"column":19}},"6":{"start":{"line":17,"column":2},"end":{"line":17,"column":14}},"7":{"start":{"line":21,"column":14},"end":{"line":147,"column":1}},"8":{"start":{"line":22,"column":17},"end":{"line":129,"column":4}},"9":{"start":{"line":24,"column":4},"end":{"line":128,"column":5}},"10":{"start":{"line":27,"column":24},"end":{"line":27,"column":48}},"11":{"start":{"line":28,"column":27},"end":{"line":28,"column":72}},"12":{"start":{"line":29,"column":18},"end":{"line":29,"column":33}},"13":{"start":{"line":30,"column":22},"end":{"line":30,"column":37}},"14":{"start":{"line":31,"column":21},"end":{"line":31,"column":36}},"15":{"start":{"line":40,"column":17},"end":{"line":40,"column":19}},"16":{"start":{"line":41,"column":6},"end":{"line":43,"column":9}},"17":{"start":{"line":42,"column":8},"end":{"line":42,"column":22}},"18":{"start":{"line":44,"column":6},"end":{"line":123,"column":9}},"19":{"start":{"line":45,"column":23},"end":{"line":45,"column":27}},"20":{"start":{"line":46,"column":8},"end":{"line":53,"column":9}},"21":{"start":{"line":47,"column":10},"end":{"line":47,"column":57}},"22":{"start":{"line":48,"column":10},"end":{"line":48,"column":47}},"23":{"start":{"line":50,"column":10},"end":{"line":50,"column":31}},"24":{"start":{"line":51,"column":10},"end":{"line":51,"column":41}},"25":{"start":{"line":52,"column":10},"end":{"line":52,"column":17}},"26":{"start":{"line":56,"column":8},"end":{"line":122,"column":9}},"27":{"start":{"line":57,"column":10},"end":{"line":57,"column":47}},"28":{"start":{"line":58,"column":10},"end":{"line":99,"column":13}},"29":{"start":{"line":59,"column":12},"end":{"line":65,"column":13}},"30":{"start":{"line":60,"column":14},"end":{"line":60,"column":43}},"31":{"start":{"line":61,"column":14},"end":{"line":61,"column":53}},"32":{"start":{"line":62,"column":14},"end":{"line":62,"column":35}},"33":{"start":{"line":63,"column":14},"end":{"line":63,"column":43}},"34":{"start":{"line":64,"column":14},"end":{"line":64,"column":21}},"35":{"start":{"line":66,"column":12},"end":{"line":98,"column":13}},"36":{"start":{"line":67,"column":14},"end":{"line":67,"column":49}},"37":{"start":{"line":68,"column":37},"end":{"line":68,"column":55}},"38":{"start":{"line":69,"column":14},"end":{"line":69,"column":75}},"39":{"start":{"line":70,"column":14},"end":{"line":80,"column":17}},"40":{"start":{"line":71,"column":16},"end":{"line":79,"column":17}},"41":{"start":{"line":72,"column":18},"end":{"line":72,"column":72}},"42":{"start":{"line":73,"column":18},"end":{"line":73,"column":39}},"43":{"start":{"line":74,"column":18},"end":{"line":74,"column":66}},"44":{"start":{"line":76,"column":18},"end":{"line":76,"column":72}},"45":{"start":{"line":77,"column":18},"end":{"line":77,"column":76}},"46":{"start":{"line":78,"column":18},"end":{"line":78,"column":49}},"47":{"start":{"line":83,"column":19},"end":{"line":98,"column":13}},"48":{"start":{"line":84,"column":37},"end":{"line":84,"column":74}},"49":{"start":{"line":85,"column":14},"end":{"line":85,"column":48}},"50":{"start":{"line":86,"column":14},"end":{"line":93,"column":17}},"51":{"start":{"line":87,"column":16},"end":{"line":92,"column":17}},"52":{"start":{"line":88,"column":18},"end":{"line":88,"column":39}},"53":{"start":{"line":89,"column":18},"end":{"line":89,"column":66}},"54":{"start":{"line":91,"column":18},"end":{"line":91,"column":49}},"55":{"start":{"line":95,"column":14},"end":{"line":95,"column":90}},"56":{"start":{"line":96,"column":14},"end":{"line":96,"column":35}},"57":{"start":{"line":97,"column":14},"end":{"line":97,"column":53}},"58":{"start":{"line":102,"column":10},"end":{"line":102,"column":53}},"59":{"start":{"line":103,"column":25},"end":{"line":103,"column":53}},"60":{"start":{"line":104,"column":10},"end":{"line":121,"column":13}},"61":{"start":{"line":105,"column":12},"end":{"line":120,"column":13}},"62":{"start":{"line":106,"column":14},"end":{"line":106,"column":49}},"63":{"start":{"line":107,"column":14},"end":{"line":107,"column":35}},"64":{"start":{"line":108,"column":14},"end":{"line":108,"column":43}},"65":{"start":{"line":109,"column":14},"end":{"line":109,"column":21}},"66":{"start":{"line":110,"column":19},"end":{"line":120,"column":13}},"67":{"start":{"line":111,"column":37},"end":{"line":111,"column":38}},"68":{"start":{"line":112,"column":14},"end":{"line":119,"column":17}},"69":{"start":{"line":113,"column":16},"end":{"line":118,"column":17}},"70":{"start":{"line":114,"column":18},"end":{"line":114,"column":39}},"71":{"start":{"line":115,"column":18},"end":{"line":115,"column":66}},"72":{"start":{"line":117,"column":18},"end":{"line":117,"column":49}},"73":{"start":{"line":125,"column":6},"end":{"line":125,"column":27}},"74":{"start":{"line":126,"column":6},"end":{"line":126,"column":36}},"75":{"start":{"line":127,"column":6},"end":{"line":127,"column":47}},"76":{"start":{"line":137,"column":2},"end":{"line":141,"column":5}},"77":{"start":{"line":138,"column":4},"end":{"line":138,"column":95}},"78":{"start":{"line":139,"column":4},"end":{"line":139,"column":45}},"79":{"start":{"line":140,"column":4},"end":{"line":140,"column":21}},"80":{"start":{"line":143,"column":2},"end":{"line":146,"column":5}},"81":{"start":{"line":144,"column":4},"end":{"line":144,"column":34}},"82":{"start":{"line":145,"column":4},"end":{"line":145,"column":16}},"83":{"start":{"line":149,"column":0},"end":{"line":151,"column":2}}},"fnMap":{"0":{"name":"getFirstItem","decl":{"start":{"line":13,"column":9},"end":{"line":13,"column":21}},"loc":{"start":{"line":13,"column":28},"end":{"line":18,"column":1}},"line":13},"1":{"name":"(anonymous_1)","decl":{"start":{"line":21,"column":14},"end":{"line":21,"column":15}},"loc":{"start":{"line":21,"column":33},"end":{"line":147,"column":1}},"line":21},"2":{"name":"(anonymous_2)","decl":{"start":{"line":22,"column":35},"end":{"line":22,"column":36}},"loc":{"start":{"line":22,"column":49},"end":{"line":129,"column":3}},"line":22},"3":{"name":"(anonymous_3)","decl":{"start":{"line":41,"column":21},"end":{"line":41,"column":22}},"loc":{"start":{"line":41,"column":32},"end":{"line":43,"column":7}},"line":41},"4":{"name":"(anonymous_4)","decl":{"start":{"line":44,"column":20},"end":{"line":44,"column":21}},"loc":{"start":{"line":44,"column":26},"end":{"line":123,"column":7}},"line":44},"5":{"name":"(anonymous_5)","decl":{"start":{"line":58,"column":30},"end":{"line":58,"column":31}},"loc":{"start":{"line":58,"column":53},"end":{"line":99,"column":11}},"line":58},"6":{"name":"(anonymous_6)","decl":{"start":{"line":70,"column":42},"end":{"line":70,"column":43}},"loc":{"start":{"line":70,"column":60},"end":{"line":80,"column":15}},"line":70},"7":{"name":"(anonymous_7)","decl":{"start":{"line":86,"column":39},"end":{"line":86,"column":40}},"loc":{"start":{"line":86,"column":57},"end":{"line":93,"column":15}},"line":86},"8":{"name":"(anonymous_8)","decl":{"start":{"line":104,"column":29},"end":{"line":104,"column":30}},"loc":{"start":{"line":104,"column":39},"end":{"line":121,"column":11}},"line":104},"9":{"name":"(anonymous_9)","decl":{"start":{"line":112,"column":39},"end":{"line":112,"column":40}},"loc":{"start":{"line":112,"column":57},"end":{"line":119,"column":15}},"line":112},"10":{"name":"(anonymous_10)","decl":{"start":{"line":137,"column":62},"end":{"line":137,"column":63}},"loc":{"start":{"line":137,"column":68},"end":{"line":141,"column":3}},"line":137},"11":{"name":"(anonymous_11)","decl":{"start":{"line":143,"column":21},"end":{"line":143,"column":22}},"loc":{"start":{"line":143,"column":32},"end":{"line":146,"column":3}},"line":143}},"branchMap":{"0":{"loc":{"start":{"line":14,"column":9},"end":{"line":14,"column":47}},"type":"binary-expr","locations":[{"start":{"line":14,"column":9},"end":{"line":14,"column":28}},{"start":{"line":14,"column":32},"end":{"line":14,"column":47}}],"line":14},"1":{"loc":{"start":{"line":24,"column":4},"end":{"line":128,"column":5}},"type":"if","locations":[{"start":{"line":24,"column":4},"end":{"line":128,"column":5}},{"start":{"line":124,"column":11},"end":{"line":128,"column":5}}],"line":24},"2":{"loc":{"start":{"line":56,"column":8},"end":{"line":122,"column":9}},"type":"if","locations":[{"start":{"line":56,"column":8},"end":{"line":122,"column":9}},{"start":{"line":101,"column":15},"end":{"line":122,"column":9}}],"line":56},"3":{"loc":{"start":{"line":59,"column":12},"end":{"line":65,"column":13}},"type":"if","locations":[{"start":{"line":59,"column":12},"end":{"line":65,"column":13}},{"start":{},"end":{}}],"line":59},"4":{"loc":{"start":{"line":66,"column":12},"end":{"line":98,"column":13}},"type":"if","locations":[{"start":{"line":66,"column":12},"end":{"line":98,"column":13}},{"start":{"line":83,"column":19},"end":{"line":98,"column":13}}],"line":66},"5":{"loc":{"start":{"line":66,"column":16},"end":{"line":66,"column":48}},"type":"binary-expr","locations":[{"start":{"line":66,"column":16},"end":{"line":66,"column":26}},{"start":{"line":66,"column":30},"end":{"line":66,"column":48}}],"line":66},"6":{"loc":{"start":{"line":71,"column":16},"end":{"line":79,"column":17}},"type":"if","locations":[{"start":{"line":71,"column":16},"end":{"line":79,"column":17}},{"start":{"line":75,"column":23},"end":{"line":79,"column":17}}],"line":71},"7":{"loc":{"start":{"line":83,"column":19},"end":{"line":98,"column":13}},"type":"if","locations":[{"start":{"line":83,"column":19},"end":{"line":98,"column":13}},{"start":{"line":94,"column":19},"end":{"line":98,"column":13}}],"line":83},"8":{"loc":{"start":{"line":87,"column":16},"end":{"line":92,"column":17}},"type":"if","locations":[{"start":{"line":87,"column":16},"end":{"line":92,"column":17}},{"start":{"line":90,"column":23},"end":{"line":92,"column":17}}],"line":87},"9":{"loc":{"start":{"line":105,"column":12},"end":{"line":120,"column":13}},"type":"if","locations":[{"start":{"line":105,"column":12},"end":{"line":120,"column":13}},{"start":{"line":110,"column":19},"end":{"line":120,"column":13}}],"line":105},"10":{"loc":{"start":{"line":110,"column":19},"end":{"line":120,"column":13}},"type":"if","locations":[{"start":{"line":110,"column":19},"end":{"line":120,"column":13}},{"start":{},"end":{}}],"line":110},"11":{"loc":{"start":{"line":113,"column":16},"end":{"line":118,"column":17}},"type":"if","locations":[{"start":{"line":113,"column":16},"end":{"line":118,"column":17}},{"start":{"line":116,"column":23},"end":{"line":118,"column":17}}],"line":113}},"s":{"0":1,"1":1,"2":1,"3":1,"4":0,"5":0,"6":0,"7":1,"8":1,"9":6,"10":6,"11":6,"12":6,"13":6,"14":6,"15":6,"16":6,"17":6,"18":6,"19":6,"20":6,"21":6,"22":6,"23":0,"24":0,"25":0,"26":6,"27":6,"28":6,"29":6,"30":0,"31":0,"32":0,"33":0,"34":0,"35":6,"36":6,"37":6,"38":6,"39":6,"40":6,"41":0,"42":0,"43":0,"44":6,"45":6,"46":6,"47":0,"48":0,"49":0,"50":0,"51":0,"52":0,"53":0,"54":0,"55":0,"56":0,"57":0,"58":0,"59":0,"60":0,"61":0,"62":0,"63":0,"64":0,"65":0,"66":0,"67":0,"68":0,"69":0,"70":0,"71":0,"72":0,"73":0,"74":0,"75":0,"76":1,"77":1,"78":1,"79":1,"80":1,"81":0,"82":0,"83":1},"f":{"0":0,"1":1,"2":6,"3":6,"4":6,"5":6,"6":6,"7":0,"8":0,"9":0,"10":1,"11":0},"b":{"0":[0,0],"1":[6,0],"2":[6,0],"3":[0,6],"4":[6,0],"5":[6,6],"6":[0,6],"7":[0,0],"8":[0,0],"9":[0,0],"10":[0,0],"11":[0,0]},"_coverageSchema":"1a1c01bbd47fc00a2c39e90264f33305004495a9","hash":"0de7e937bc6975e7563c10bf02ea367fb924ae9f"}
,"/usr/src/app/distribution/local/routes.js": {"path":"/usr/src/app/distribution/local/routes.js","statementMap":{"0":{"start":{"line":8,"column":19},"end":{"line":8,"column":28}},"1":{"start":{"line":9,"column":0},"end":{"line":9,"column":29}},"2":{"start":{"line":10,"column":0},"end":{"line":10,"column":29}},"3":{"start":{"line":11,"column":0},"end":{"line":11,"column":27}},"4":{"start":{"line":12,"column":0},"end":{"line":12,"column":49}},"5":{"start":{"line":21,"column":2},"end":{"line":23,"column":3}},"6":{"start":{"line":22,"column":4},"end":{"line":22,"column":37}},"7":{"start":{"line":24,"column":14},"end":{"line":24,"column":42}},"8":{"start":{"line":25,"column":18},"end":{"line":25,"column":56}},"9":{"start":{"line":28,"column":2},"end":{"line":43,"column":3}},"10":{"start":{"line":29,"column":4},"end":{"line":29,"column":51}},"11":{"start":{"line":31,"column":9},"end":{"line":43,"column":3}},"12":{"start":{"line":32,"column":4},"end":{"line":32,"column":54}},"13":{"start":{"line":35,"column":4},"end":{"line":42,"column":5}},"14":{"start":{"line":36,"column":18},"end":{"line":36,"column":41}},"15":{"start":{"line":37,"column":6},"end":{"line":41,"column":7}},"16":{"start":{"line":38,"column":8},"end":{"line":38,"column":36}},"17":{"start":{"line":40,"column":8},"end":{"line":40,"column":61}},"18":{"start":{"line":53,"column":2},"end":{"line":53,"column":41}},"19":{"start":{"line":54,"column":2},"end":{"line":56,"column":3}},"20":{"start":{"line":55,"column":4},"end":{"line":55,"column":28}},"21":{"start":{"line":57,"column":2},"end":{"line":57,"column":9}},"22":{"start":{"line":65,"column":2},"end":{"line":70,"column":3}},"23":{"start":{"line":66,"column":4},"end":{"line":66,"column":37}},"24":{"start":{"line":67,"column":4},"end":{"line":67,"column":34}},"25":{"start":{"line":69,"column":4},"end":{"line":69,"column":58}},"26":{"start":{"line":71,"column":2},"end":{"line":71,"column":9}},"27":{"start":{"line":74,"column":0},"end":{"line":74,"column":33}}},"fnMap":{"0":{"name":"get","decl":{"start":{"line":19,"column":9},"end":{"line":19,"column":12}},"loc":{"start":{"line":19,"column":38},"end":{"line":44,"column":1}},"line":19},"1":{"name":"put","decl":{"start":{"line":52,"column":9},"end":{"line":52,"column":12}},"loc":{"start":{"line":52,"column":47},"end":{"line":58,"column":1}},"line":52},"2":{"name":"rem","decl":{"start":{"line":64,"column":9},"end":{"line":64,"column":12}},"loc":{"start":{"line":64,"column":38},"end":{"line":72,"column":1}},"line":64}},"branchMap":{"0":{"loc":{"start":{"line":21,"column":2},"end":{"line":23,"column":3}},"type":"if","locations":[{"start":{"line":21,"column":2},"end":{"line":23,"column":3}},{"start":{},"end":{}}],"line":21},"1":{"loc":{"start":{"line":24,"column":14},"end":{"line":24,"column":42}},"type":"binary-expr","locations":[{"start":{"line":24,"column":14},"end":{"line":24,"column":31}},{"start":{"line":24,"column":35},"end":{"line":24,"column":42}}],"line":24},"2":{"loc":{"start":{"line":25,"column":18},"end":{"line":25,"column":56}},"type":"binary-expr","locations":[{"start":{"line":25,"column":18},"end":{"line":25,"column":39}},{"start":{"line":25,"column":43},"end":{"line":25,"column":56}}],"line":25},"3":{"loc":{"start":{"line":28,"column":2},"end":{"line":43,"column":3}},"type":"if","locations":[{"start":{"line":28,"column":2},"end":{"line":43,"column":3}},{"start":{"line":31,"column":9},"end":{"line":43,"column":3}}],"line":28},"4":{"loc":{"start":{"line":28,"column":6},"end":{"line":28,"column":48}},"type":"binary-expr","locations":[{"start":{"line":28,"column":6},"end":{"line":28,"column":29}},{"start":{"line":28,"column":33},"end":{"line":28,"column":48}}],"line":28},"5":{"loc":{"start":{"line":31,"column":9},"end":{"line":43,"column":3}},"type":"if","locations":[{"start":{"line":31,"column":9},"end":{"line":43,"column":3}},{"start":{"line":33,"column":9},"end":{"line":43,"column":3}}],"line":31},"6":{"loc":{"start":{"line":31,"column":13},"end":{"line":31,"column":78}},"type":"binary-expr","locations":[{"start":{"line":31,"column":13},"end":{"line":31,"column":27}},{"start":{"line":31,"column":31},"end":{"line":31,"column":48}},{"start":{"line":31,"column":52},"end":{"line":31,"column":78}}],"line":31},"7":{"loc":{"start":{"line":35,"column":4},"end":{"line":42,"column":5}},"type":"if","locations":[{"start":{"line":35,"column":4},"end":{"line":42,"column":5}},{"start":{},"end":{}}],"line":35},"8":{"loc":{"start":{"line":37,"column":6},"end":{"line":41,"column":7}},"type":"if","locations":[{"start":{"line":37,"column":6},"end":{"line":41,"column":7}},{"start":{"line":39,"column":13},"end":{"line":41,"column":7}}],"line":37},"9":{"loc":{"start":{"line":54,"column":2},"end":{"line":56,"column":3}},"type":"if","locations":[{"start":{"line":54,"column":2},"end":{"line":56,"column":3}},{"start":{},"end":{}}],"line":54},"10":{"loc":{"start":{"line":65,"column":2},"end":{"line":70,"column":3}},"type":"if","locations":[{"start":{"line":65,"column":2},"end":{"line":70,"column":3}},{"start":{"line":68,"column":9},"end":{"line":70,"column":3}}],"line":65}},"s":{"0":1,"1":1,"2":1,"3":1,"4":1,"5":6,"6":0,"7":6,"8":6,"9":6,"10":0,"11":6,"12":0,"13":6,"14":6,"15":6,"16":6,"17":0,"18":7,"19":7,"20":0,"21":7,"22":0,"23":0,"24":0,"25":0,"26":0,"27":1},"f":{"0":6,"1":7,"2":0},"b":{"0":[0,6],"1":[6,6],"2":[6,6],"3":[0,6],"4":[6,0],"5":[0,6],"6":[6,0,0],"7":[6,0],"8":[6,0],"9":[0,7],"10":[0,0]},"_coverageSchema":"1a1c01bbd47fc00a2c39e90264f33305004495a9","hash":"e5b7ae709c873c1a5e010bb7bdaf960371da4c49"}
,"/usr/src/app/distribution/local/status.js": {"path":"/usr/src/app/distribution/local/status.js","statementMap":{"0":{"start":{"line":7,"column":15},"end":{"line":7,"column":17}},"1":{"start":{"line":9,"column":0},"end":{"line":14,"column":2}},"2":{"start":{"line":16,"column":0},"end":{"line":49,"column":2}},"3":{"start":{"line":17,"column":2},"end":{"line":17,"column":37}},"4":{"start":{"line":18,"column":2},"end":{"line":18,"column":40}},"5":{"start":{"line":20,"column":2},"end":{"line":23,"column":3}},"6":{"start":{"line":21,"column":4},"end":{"line":21,"column":52}},"7":{"start":{"line":22,"column":4},"end":{"line":22,"column":11}},"8":{"start":{"line":24,"column":2},"end":{"line":27,"column":3}},"9":{"start":{"line":25,"column":4},"end":{"line":25,"column":51}},"10":{"start":{"line":26,"column":4},"end":{"line":26,"column":11}},"11":{"start":{"line":28,"column":2},"end":{"line":31,"column":3}},"12":{"start":{"line":29,"column":4},"end":{"line":29,"column":45}},"13":{"start":{"line":30,"column":4},"end":{"line":30,"column":11}},"14":{"start":{"line":32,"column":2},"end":{"line":35,"column":3}},"15":{"start":{"line":33,"column":4},"end":{"line":33,"column":45}},"16":{"start":{"line":34,"column":4},"end":{"line":34,"column":11}},"17":{"start":{"line":36,"column":2},"end":{"line":39,"column":3}},"18":{"start":{"line":37,"column":4},"end":{"line":37,"column":48}},"19":{"start":{"line":38,"column":4},"end":{"line":38,"column":11}},"20":{"start":{"line":40,"column":2},"end":{"line":43,"column":3}},"21":{"start":{"line":41,"column":4},"end":{"line":41,"column":46}},"22":{"start":{"line":42,"column":4},"end":{"line":42,"column":11}},"23":{"start":{"line":44,"column":2},"end":{"line":47,"column":3}},"24":{"start":{"line":45,"column":4},"end":{"line":45,"column":44}},"25":{"start":{"line":46,"column":4},"end":{"line":46,"column":11}},"26":{"start":{"line":48,"column":2},"end":{"line":48,"column":52}},"27":{"start":{"line":51,"column":0},"end":{"line":51,"column":81}},"28":{"start":{"line":76,"column":0},"end":{"line":76,"column":79}},"29":{"start":{"line":93,"column":0},"end":{"line":93,"column":24}}},"fnMap":{"0":{"name":"(anonymous_0)","decl":{"start":{"line":16,"column":13},"end":{"line":16,"column":14}},"loc":{"start":{"line":16,"column":47},"end":{"line":49,"column":1}},"line":16},"1":{"name":"(anonymous_1)","decl":{"start":{"line":18,"column":25},"end":{"line":18,"column":26}},"loc":{"start":{"line":18,"column":36},"end":{"line":18,"column":39}},"line":18}},"branchMap":{"0":{"loc":{"start":{"line":18,"column":13},"end":{"line":18,"column":39}},"type":"binary-expr","locations":[{"start":{"line":18,"column":13},"end":{"line":18,"column":21}},{"start":{"line":18,"column":25},"end":{"line":18,"column":39}}],"line":18},"1":{"loc":{"start":{"line":20,"column":2},"end":{"line":23,"column":3}},"type":"if","locations":[{"start":{"line":20,"column":2},"end":{"line":23,"column":3}},{"start":{},"end":{}}],"line":20},"2":{"loc":{"start":{"line":20,"column":6},"end":{"line":20,"column":74}},"type":"binary-expr","locations":[{"start":{"line":20,"column":6},"end":{"line":20,"column":35}},{"start":{"line":20,"column":39},"end":{"line":20,"column":74}}],"line":20},"3":{"loc":{"start":{"line":24,"column":2},"end":{"line":27,"column":3}},"type":"if","locations":[{"start":{"line":24,"column":2},"end":{"line":27,"column":3}},{"start":{},"end":{}}],"line":24},"4":{"loc":{"start":{"line":28,"column":2},"end":{"line":31,"column":3}},"type":"if","locations":[{"start":{"line":28,"column":2},"end":{"line":31,"column":3}},{"start":{},"end":{}}],"line":28},"5":{"loc":{"start":{"line":32,"column":2},"end":{"line":35,"column":3}},"type":"if","locations":[{"start":{"line":32,"column":2},"end":{"line":35,"column":3}},{"start":{},"end":{}}],"line":32},"6":{"loc":{"start":{"line":36,"column":2},"end":{"line":39,"column":3}},"type":"if","locations":[{"start":{"line":36,"column":2},"end":{"line":39,"column":3}},{"start":{},"end":{}}],"line":36},"7":{"loc":{"start":{"line":40,"column":2},"end":{"line":43,"column":3}},"type":"if","locations":[{"start":{"line":40,"column":2},"end":{"line":43,"column":3}},{"start":{},"end":{}}],"line":40},"8":{"loc":{"start":{"line":44,"column":2},"end":{"line":47,"column":3}},"type":"if","locations":[{"start":{"line":44,"column":2},"end":{"line":47,"column":3}},{"start":{},"end":{}}],"line":44}},"s":{"0":1,"1":1,"2":1,"3":0,"4":0,"5":0,"6":0,"7":0,"8":0,"9":0,"10":0,"11":0,"12":0,"13":0,"14":0,"15":0,"16":0,"17":0,"18":0,"19":0,"20":0,"21":0,"22":0,"23":0,"24":0,"25":0,"26":0,"27":1,"28":1,"29":1},"f":{"0":0,"1":0},"b":{"0":[0,0],"1":[0,0],"2":[0,0],"3":[0,0],"4":[0,0],"5":[0,0],"6":[0,0],"7":[0,0],"8":[0,0]},"_coverageSchema":"1a1c01bbd47fc00a2c39e90264f33305004495a9","hash":"f6f0fc8240a010e43e4eb9ab7ef47922b59d3b49"}
,"/usr/src/app/distribution/local/store.js": {"path":"/usr/src/app/distribution/local/store.js","statementMap":{"0":{"start":{"line":17,"column":0},"end":{"line":17,"column":33}}},"fnMap":{"0":{"name":"put","decl":{"start":{"line":8,"column":9},"end":{"line":8,"column":12}},"loc":{"start":{"line":8,"column":45},"end":{"line":9,"column":1}},"line":8},"1":{"name":"get","decl":{"start":{"line":11,"column":9},"end":{"line":11,"column":12}},"loc":{"start":{"line":11,"column":38},"end":{"line":12,"column":1}},"line":11},"2":{"name":"del","decl":{"start":{"line":14,"column":9},"end":{"line":14,"column":12}},"loc":{"start":{"line":14,"column":38},"end":{"line":15,"column":1}},"line":14}},"branchMap":{},"s":{"0":1},"f":{"0":0,"1":0,"2":0},"b":{},"_coverageSchema":"1a1c01bbd47fc00a2c39e90264f33305004495a9","hash":"c62ed78f65d813a749956b6b4cd4258333e62960"}
,"/usr/src/app/distribution/util/id.js": {"path":"/usr/src/app/distribution/util/id.js","statementMap":{"0":{"start":{"line":3,"column":15},"end":{"line":3,"column":32}},"1":{"start":{"line":4,"column":15},"end":{"line":4,"column":32}},"2":{"start":{"line":14,"column":15},"end":{"line":14,"column":42}},"3":{"start":{"line":15,"column":2},"end":{"line":15,"column":35}},"4":{"start":{"line":16,"column":2},"end":{"line":16,"column":28}},"5":{"start":{"line":25,"column":2},"end":{"line":25,"column":40}},"6":{"start":{"line":26,"column":2},"end":{"line":26,"column":21}},"7":{"start":{"line":35,"column":2},"end":{"line":35,"column":38}},"8":{"start":{"line":40,"column":14},"end":{"line":40,"column":16}},"9":{"start":{"line":41,"column":2},"end":{"line":41,"column":34}},"10":{"start":{"line":42,"column":2},"end":{"line":42,"column":20}},"11":{"start":{"line":43,"column":2},"end":{"line":43,"column":20}},"12":{"start":{"line":47,"column":12},"end":{"line":47,"column":28}},"13":{"start":{"line":48,"column":2},"end":{"line":48,"column":55}},"14":{"start":{"line":49,"column":2},"end":{"line":49,"column":11}},"15":{"start":{"line":53,"column":2},"end":{"line":53,"column":14}},"16":{"start":{"line":54,"column":2},"end":{"line":54,"column":42}},"17":{"start":{"line":64,"column":0},"end":{"line":72,"column":2}}},"fnMap":{"0":{"name":"getID","decl":{"start":{"line":13,"column":9},"end":{"line":13,"column":14}},"loc":{"start":{"line":13,"column":20},"end":{"line":17,"column":1}},"line":13},"1":{"name":"getNID","decl":{"start":{"line":24,"column":9},"end":{"line":24,"column":15}},"loc":{"start":{"line":24,"column":22},"end":{"line":27,"column":1}},"line":24},"2":{"name":"getSID","decl":{"start":{"line":34,"column":9},"end":{"line":34,"column":15}},"loc":{"start":{"line":34,"column":22},"end":{"line":36,"column":1}},"line":34},"3":{"name":"getMID","decl":{"start":{"line":39,"column":9},"end":{"line":39,"column":15}},"loc":{"start":{"line":39,"column":25},"end":{"line":44,"column":1}},"line":39},"4":{"name":"idToNum","decl":{"start":{"line":46,"column":9},"end":{"line":46,"column":16}},"loc":{"start":{"line":46,"column":21},"end":{"line":50,"column":1}},"line":46},"5":{"name":"naiveHash","decl":{"start":{"line":52,"column":9},"end":{"line":52,"column":18}},"loc":{"start":{"line":52,"column":30},"end":{"line":55,"column":1}},"line":52},"6":{"name":"consistentHash","decl":{"start":{"line":57,"column":9},"end":{"line":57,"column":23}},"loc":{"start":{"line":57,"column":35},"end":{"line":58,"column":1}},"line":57},"7":{"name":"rendezvousHash","decl":{"start":{"line":61,"column":9},"end":{"line":61,"column":23}},"loc":{"start":{"line":61,"column":35},"end":{"line":62,"column":1}},"line":61}},"branchMap":{},"s":{"0":1,"1":1,"2":20,"3":20,"4":20,"5":14,"6":14,"7":7,"8":0,"9":0,"10":0,"11":0,"12":0,"13":0,"14":0,"15":0,"16":0,"17":1},"f":{"0":20,"1":14,"2":7,"3":0,"4":0,"5":0,"6":0,"7":0},"b":{},"_coverageSchema":"1a1c01bbd47fc00a2c39e90264f33305004495a9","hash":"d73b7133af7081d4826342af6943ea80e685add5"}
,"/usr/src/app/distribution/util/log.js": {"path":"/usr/src/app/distribution/util/log.js","statementMap":{"0":{"start":{"line":2,"column":11},"end":{"line":2,"column":24}},"1":{"start":{"line":3,"column":13},"end":{"line":3,"column":28}},"2":{"start":{"line":5,"column":16},"end":{"line":5,"column":44}},"3":{"start":{"line":8,"column":2},"end":{"line":10,"column":3}},"4":{"start":{"line":9,"column":4},"end":{"line":9,"column":22}},"5":{"start":{"line":12,"column":14},"end":{"line":12,"column":24}},"6":{"start":{"line":13,"column":15},"end":{"line":18,"column":77}},"7":{"start":{"line":20,"column":2},"end":{"line":21,"column":57}},"8":{"start":{"line":24,"column":0},"end":{"line":24,"column":21}}},"fnMap":{"0":{"name":"log","decl":{"start":{"line":7,"column":9},"end":{"line":7,"column":12}},"loc":{"start":{"line":7,"column":32},"end":{"line":22,"column":1}},"line":7}},"branchMap":{"0":{"loc":{"start":{"line":8,"column":2},"end":{"line":10,"column":3}},"type":"if","locations":[{"start":{"line":8,"column":2},"end":{"line":10,"column":3}},{"start":{},"end":{}}],"line":8}},"s":{"0":1,"1":1,"2":1,"3":6,"4":6,"5":6,"6":6,"7":6,"8":1},"f":{"0":6},"b":{"0":[6,0]},"_coverageSchema":"1a1c01bbd47fc00a2c39e90264f33305004495a9","hash":"c4472e93c0f6bebb7a47b5cc00b715fcccfaf31d"}
,"/usr/src/app/distribution/util/serialization.js": {"path":"/usr/src/app/distribution/util/serialization.js","statementMap":{"0":{"start":{"line":1,"column":19},"end":{"line":1,"column":35}},"1":{"start":{"line":2,"column":15},"end":{"line":2,"column":32}},"2":{"start":{"line":3,"column":18},"end":{"line":3,"column":31}},"3":{"start":{"line":6,"column":21},"end":{"line":6,"column":30}},"4":{"start":{"line":7,"column":19},"end":{"line":7,"column":28}},"5":{"start":{"line":10,"column":22},"end":{"line":10,"column":59}},"6":{"start":{"line":11,"column":0},"end":{"line":11,"column":28}},"7":{"start":{"line":14,"column":2},"end":{"line":25,"column":3}},"8":{"start":{"line":15,"column":6},"end":{"line":24,"column":7}},"9":{"start":{"line":16,"column":22},"end":{"line":16,"column":41}},"10":{"start":{"line":17,"column":10},"end":{"line":21,"column":11}},"11":{"start":{"line":18,"column":14},"end":{"line":20,"column":15}},"12":{"start":{"line":19,"column":18},"end":{"line":19,"column":48}},"13":{"start":{"line":23,"column":10},"end":{"line":23,"column":19}},"14":{"start":{"line":26,"column":2},"end":{"line":26,"column":14}},"15":{"start":{"line":29,"column":0},"end":{"line":29,"column":91}},"16":{"start":{"line":93,"column":0},"end":{"line":93,"column":95}},"17":{"start":{"line":146,"column":0},"end":{"line":149,"column":2}}},"fnMap":{"0":{"name":"getNativeFunctionPath","decl":{"start":{"line":13,"column":9},"end":{"line":13,"column":30}},"loc":{"start":{"line":13,"column":35},"end":{"line":27,"column":1}},"line":13}},"branchMap":{"0":{"loc":{"start":{"line":18,"column":14},"end":{"line":20,"column":15}},"type":"if","locations":[{"start":{"line":18,"column":14},"end":{"line":20,"column":15}},{"start":{},"end":{}}],"line":18}},"s":{"0":1,"1":1,"2":1,"3":1,"4":1,"5":1,"6":1,"7":0,"8":0,"9":0,"10":0,"11":0,"12":0,"13":0,"14":0,"15":1,"16":1,"17":1},"f":{"0":0},"b":{"0":[0,0]},"_coverageSchema":"1a1c01bbd47fc00a2c39e90264f33305004495a9","hash":"838f940c4e51b43514cd81046648c18431e5ac73"}
,"/usr/src/app/distribution/util/util.js": {"path":"/usr/src/app/distribution/util/util.js","statementMap":{"0":{"start":{"line":1,"column":22},"end":{"line":1,"column":48}},"1":{"start":{"line":2,"column":11},"end":{"line":2,"column":26}},"2":{"start":{"line":3,"column":13},"end":{"line":3,"column":30}},"3":{"start":{"line":5,"column":0},"end":{"line":10,"column":2}}},"fnMap":{},"branchMap":{},"s":{"0":1,"1":1,"2":1,"3":1},"f":{},"b":{},"_coverageSchema":"1a1c01bbd47fc00a2c39e90264f33305004495a9","hash":"a48c44a5ad21f7f639c1cc109bce7b8f44d1a309"}
,"/usr/src/app/distribution/util/wire.js": {"path":"/usr/src/app/distribution/util/wire.js","statementMap":{"0":{"start":{"line":1,"column":12},"end":{"line":1,"column":34}},"1":{"start":{"line":2,"column":15},"end":{"line":2,"column":32}},"2":{"start":{"line":9,"column":16},"end":{"line":9,"column":82}},"3":{"start":{"line":54,"column":2},"end":{"line":54,"column":92}},"4":{"start":{"line":57,"column":20},"end":{"line":65,"column":3}},"5":{"start":{"line":58,"column":21},"end":{"line":58,"column":31}},"6":{"start":{"line":59,"column":4},"end":{"line":64,"column":5}},"7":{"start":{"line":60,"column":21},"end":{"line":60,"column":34}},"8":{"start":{"line":61,"column":6},"end":{"line":61,"column":29}},"9":{"start":{"line":63,"column":6},"end":{"line":63,"column":22}},"10":{"start":{"line":69,"column":2},"end":{"line":69,"column":45}},"11":{"start":{"line":69,"column":29},"end":{"line":69,"column":44}},"12":{"start":{"line":70,"column":2},"end":{"line":70,"column":19}},"13":{"start":{"line":73,"column":0},"end":{"line":76,"column":2}}},"fnMap":{"0":{"name":"toAsync","decl":{"start":{"line":53,"column":9},"end":{"line":53,"column":16}},"loc":{"start":{"line":53,"column":23},"end":{"line":71,"column":1}},"line":53},"1":{"name":"(anonymous_1)","decl":{"start":{"line":57,"column":20},"end":{"line":57,"column":21}},"loc":{"start":{"line":57,"column":33},"end":{"line":65,"column":3}},"line":57},"2":{"name":"(anonymous_2)","decl":{"start":{"line":69,"column":23},"end":{"line":69,"column":24}},"loc":{"start":{"line":69,"column":29},"end":{"line":69,"column":44}},"line":69}},"branchMap":{},"s":{"0":1,"1":1,"2":1,"3":6,"4":6,"5":6,"6":6,"7":6,"8":6,"9":0,"10":6,"11":12,"12":6,"13":1},"f":{"0":6,"1":6,"2":12},"b":{},"_coverageSchema":"1a1c01bbd47fc00a2c39e90264f33305004495a9","hash":"5ec9eb5daafb8348df0fdb4fcf7bc5c1a68c520d"}
}
