TN:
SF:config.js
FNF:0
FNH:0
DA:10,1
DA:12,1
DA:14,1
DA:15,0
DA:16,0
DA:18,0
DA:19,0
DA:20,0
DA:24,1
DA:27,1
DA:28,0
DA:31,1
LF:12
LH:6
BRDA:14,0,0,0
BRDA:14,0,1,1
BRDA:18,1,0,0
BRDA:18,1,1,0
BRDA:27,2,0,0
BRDA:27,2,1,1
BRF:6
BRH:2
end_of_record
TN:
SF:distribution.js
FN:11,(anonymous_0)
FN:40,(anonymous_1)
FNF:2
FNH:0
FNDA:0,(anonymous_0)
FNDA:0,(anonymous_1)
DA:3,1
DA:4,1
DA:5,1
DA:8,1
DA:12,0
DA:23,1
DA:24,0
DA:27,1
DA:28,0
DA:31,1
DA:32,0
DA:33,0
DA:34,0
DA:36,0
DA:40,1
DA:41,0
DA:42,0
DA:43,0
DA:46,0
DA:50,1
DA:51,1
DA:54,1
DA:55,1
DA:56,1
DA:58,1
DA:59,7
DA:63,1
DA:64,1
DA:66,1
DA:68,1
DA:70,1
DA:72,1
DA:74,1
DA:76,1
DA:79,1
DA:80,1
DA:83,1
DA:84,0
DA:85,0
LF:39
LH:26
BRDA:8,0,0,1
BRDA:8,0,1,1
BRDA:23,1,0,0
BRDA:23,1,1,1
BRDA:27,2,0,0
BRDA:27,2,1,1
BRDA:31,3,0,0
BRDA:31,3,1,1
BRDA:33,4,0,0
BRDA:33,4,1,0
BRDA:34,5,0,0
BRDA:34,5,1,0
BRDA:36,6,0,0
BRDA:36,6,1,0
BRDA:41,7,0,0
BRDA:41,7,1,0
BRDA:50,8,0,1
BRDA:50,8,1,0
BRDA:83,9,0,0
BRDA:83,9,1,1
BRF:20
BRH:7
end_of_record
TN:
SF:distribution/all/comm.js
FN:14,comm
FN:23,send
FN:29,(anonymous_2)
FN:43,(anonymous_3)
FNF:4
FNH:1
FNDA:2,comm
FNDA:0,send
FNDA:0,(anonymous_2)
FNDA:0,(anonymous_3)
DA:15,2
DA:16,2
DA:24,0
DA:25,0
DA:26,0
DA:29,0
DA:30,0
DA:31,0
DA:33,0
DA:34,0
DA:35,0
DA:39,0
DA:40,0
DA:41,0
DA:43,0
DA:44,0
DA:45,0
DA:47,0
DA:49,0
DA:52,0
DA:53,0
DA:54,0
DA:62,2
DA:65,1
LF:24
LH:4
BRDA:16,0,0,2
BRDA:16,0,1,0
BRDA:30,1,0,0
BRDA:30,1,1,0
BRDA:34,2,0,0
BRDA:34,2,1,0
BRDA:44,3,0,0
BRDA:44,3,1,0
BRDA:52,4,0,0
BRDA:52,4,1,0
BRF:10
BRH:1
end_of_record
TN:
SF:distribution/all/gossip.js
FN:1,(anonymous_0)
FN:4,(anonymous_1)
FN:9,(anonymous_2)
FN:12,(anonymous_3)
FN:15,(anonymous_4)
FNF:5
FNH:1
FNDA:2,(anonymous_0)
FNDA:0,(anonymous_1)
FNDA:0,(anonymous_2)
FNDA:0,(anonymous_3)
FNDA:0,(anonymous_4)
DA:1,1
DA:2,2
DA:3,2
DA:4,2
DA:5,0
DA:8,2
DA:20,1
LF:7
LH:6
BRDA:3,0,0,2
BRDA:3,0,1,0
BRDA:4,1,0,2
BRDA:4,1,1,2
BRF:4
BRH:3
end_of_record
TN:
SF:distribution/all/groups.js
FN:4,(anonymous_0)
FN:9,(anonymous_1)
FN:14,(anonymous_2)
FN:18,(anonymous_3)
FN:22,(anonymous_4)
FN:25,(anonymous_5)
FNF:6
FNH:1
FNDA:2,(anonymous_0)
FNDA:0,(anonymous_1)
FNDA:0,(anonymous_2)
FNDA:0,(anonymous_3)
FNDA:0,(anonymous_4)
FNDA:0,(anonymous_5)
DA:4,1
DA:5,2
DA:6,2
DA:8,2
DA:30,1
LF:5
LH:5
BRDA:6,0,0,2
BRDA:6,0,1,0
BRF:2
BRH:1
end_of_record
TN:
SF:distribution/all/mem.js
FN:2,mem
FN:10,(anonymous_1)
FN:13,(anonymous_2)
FN:16,(anonymous_3)
FN:19,(anonymous_4)
FNF:5
FNH:1
FNDA:2,mem
FNDA:0,(anonymous_1)
FNDA:0,(anonymous_2)
FNDA:0,(anonymous_3)
FNDA:0,(anonymous_4)
DA:3,2
DA:4,2
DA:5,2
DA:9,2
DA:24,1
LF:5
LH:5
BRDA:4,0,0,2
BRDA:4,0,1,0
BRDA:5,1,0,2
BRDA:5,1,1,2
BRF:4
BRH:3
end_of_record
TN:
SF:distribution/all/routes.js
FN:3,routes
FN:12,put
FN:12,(anonymous_2)
FN:20,rem
FN:20,(anonymous_4)
FNF:5
FNH:1
FNDA:2,routes
FNDA:0,put
FNDA:0,(anonymous_2)
FNDA:0,rem
FNDA:0,(anonymous_4)
DA:4,2
DA:5,2
DA:23,2
DA:26,1
LF:4
LH:4
BRDA:5,0,0,2
BRDA:5,0,1,0
BRDA:12,1,0,0
BRDA:20,2,0,0
BRF:4
BRH:1
end_of_record
TN:
SF:distribution/all/status.js
FN:4,(anonymous_0)
FN:11,(anonymous_1)
FN:13,(anonymous_2)
FN:26,(anonymous_3)
FN:39,(anonymous_4)
FN:47,(anonymous_5)
FN:55,(anonymous_6)
FN:68,(anonymous_7)
FN:76,(anonymous_8)
FN:86,(anonymous_9)
FN:90,(anonymous_10)
FN:99,(anonymous_11)
FN:104,(anonymous_12)
FN:107,(anonymous_13)
FN:116,(anonymous_14)
FNF:15
FNH:1
FNDA:2,(anonymous_0)
FNDA:0,(anonymous_1)
FNDA:0,(anonymous_2)
FNDA:0,(anonymous_3)
FNDA:0,(anonymous_4)
FNDA:0,(anonymous_5)
FNDA:0,(anonymous_6)
FNDA:0,(anonymous_7)
FNDA:0,(anonymous_8)
FNDA:0,(anonymous_9)
FNDA:0,(anonymous_10)
FNDA:0,(anonymous_11)
FNDA:0,(anonymous_12)
FNDA:0,(anonymous_13)
FNDA:0,(anonymous_14)
DA:4,1
DA:5,2
DA:6,2
DA:7,2
DA:8,2
DA:10,2
DA:12,0
DA:13,0
DA:14,0
DA:15,0
DA:16,0
DA:19,0
DA:20,0
DA:21,0
DA:23,0
DA:25,0
DA:26,0
DA:27,0
DA:28,0
DA:29,0
DA:32,0
DA:33,0
DA:34,0
DA:36,0
DA:38,0
DA:39,0
DA:40,0
DA:41,0
DA:42,0
DA:44,0
DA:46,0
DA:47,0
DA:48,0
DA:49,0
DA:50,0
DA:52,0
DA:54,0
DA:55,0
DA:56,0
DA:57,0
DA:58,0
DA:61,0
DA:62,0
DA:63,0
DA:65,0
DA:67,0
DA:68,0
DA:69,0
DA:70,0
DA:71,0
DA:73,0
DA:75,0
DA:76,0
DA:77,0
DA:78,0
DA:79,0
DA:81,0
DA:87,0
DA:90,0
DA:91,0
DA:92,0
DA:94,0
DA:95,0
DA:99,0
DA:105,0
DA:107,0
DA:108,0
DA:109,0
DA:111,0
DA:112,0
DA:116,0
DA:117,0
DA:118,0
DA:120,0
DA:121,0
DA:127,1
LF:76
LH:7
BRDA:6,0,0,2
BRDA:6,0,1,0
BRDA:12,1,0,0
BRDA:12,1,1,0
BRDA:14,2,0,0
BRDA:14,2,1,0
BRDA:25,3,0,0
BRDA:25,3,1,0
BRDA:27,4,0,0
BRDA:27,4,1,0
BRDA:38,5,0,0
BRDA:38,5,1,0
BRDA:40,6,0,0
BRDA:40,6,1,0
BRDA:46,7,0,0
BRDA:46,7,1,0
BRDA:48,8,0,0
BRDA:48,8,1,0
BRDA:54,9,0,0
BRDA:54,9,1,0
BRDA:56,10,0,0
BRDA:56,10,1,0
BRDA:67,11,0,0
BRDA:67,11,1,0
BRDA:69,12,0,0
BRDA:69,12,1,0
BRDA:75,13,0,0
BRDA:75,13,1,0
BRDA:77,14,0,0
BRDA:77,14,1,0
BRDA:91,15,0,0
BRDA:91,15,1,0
BRDA:108,16,0,0
BRDA:108,16,1,0
BRDA:117,17,0,0
BRDA:117,17,1,0
BRF:36
BRH:1
end_of_record
TN:
SF:distribution/all/store.js
FN:1,(anonymous_0)
FN:6,(anonymous_1)
FN:9,(anonymous_2)
FN:12,(anonymous_3)
FN:15,(anonymous_4)
FNF:5
FNH:1
FNDA:2,(anonymous_0)
FNDA:0,(anonymous_1)
FNDA:0,(anonymous_2)
FNDA:0,(anonymous_3)
FNDA:0,(anonymous_4)
DA:1,1
DA:2,2
DA:3,2
DA:4,2
DA:5,2
DA:21,1
LF:6
LH:6
BRDA:3,0,0,2
BRDA:3,0,1,0
BRDA:4,1,0,2
BRDA:4,1,1,2
BRF:4
BRH:3
end_of_record
TN:
SF:distribution/local/comm.js
FN:22,send
FN:38,(anonymous_1)
FN:42,(anonymous_2)
FN:47,(anonymous_3)
FN:68,(anonymous_4)
FNF:5
FNH:5
FNDA:14,send
FNDA:6,(anonymous_1)
FNDA:6,(anonymous_2)
FNDA:6,(anonymous_3)
FNDA:8,(anonymous_4)
DA:5,1
DA:6,1
DA:23,14
DA:26,14
DA:36,14
DA:38,14
DA:39,6
DA:42,6
DA:43,6
DA:47,6
DA:48,6
DA:50,6
DA:51,6
DA:53,0
DA:56,6
DA:57,0
DA:59,6
DA:62,0
DA:68,14
DA:69,8
DA:73,14
DA:74,14
DA:77,1
LF:23
LH:20
BRDA:29,0,0,14
BRDA:29,0,1,13
BRDA:48,1,0,6
BRDA:48,1,1,0
BRDA:56,2,0,0
BRDA:56,2,1,6
BRDA:57,3,0,0
BRDA:57,3,1,0
BRF:8
BRH:4
end_of_record
TN:
SF:distribution/local/gossip.js
FN:4,(anonymous_0)
FNF:1
FNH:0
FNDA:0,(anonymous_0)
DA:1,1
DA:4,1
DA:7,1
LF:3
LH:3
BRF:0
BRH:0
end_of_record
TN:
SF:distribution/local/groups.js
FN:10,(anonymous_0)
FN:19,(anonymous_1)
FN:40,(anonymous_2)
FN:51,(anonymous_3)
FN:62,(anonymous_4)
FNF:5
FNH:1
FNDA:0,(anonymous_0)
FNDA:1,(anonymous_1)
FNDA:0,(anonymous_2)
FNDA:0,(anonymous_3)
FNDA:0,(anonymous_4)
DA:1,1
DA:3,1
DA:10,1
DA:11,0
DA:12,0
DA:14,0
DA:16,0
DA:19,1
DA:21,1
DA:22,1
DA:24,1
DA:26,1
DA:27,1
DA:28,1
DA:29,1
DA:30,1
DA:31,1
DA:32,1
DA:33,1
DA:34,1
DA:35,1
DA:37,1
DA:40,1
DA:41,0
DA:42,0
DA:44,0
DA:45,0
DA:46,0
DA:48,0
DA:51,1
DA:52,0
DA:53,0
DA:55,0
DA:56,0
DA:57,0
DA:59,0
DA:62,1
DA:63,0
DA:64,0
DA:65,0
DA:66,0
DA:68,0
DA:69,0
DA:70,0
DA:72,0
DA:75,1
LF:46
LH:22
BRDA:11,0,0,0
BRDA:11,0,1,0
BRDA:21,1,0,1
BRDA:21,1,1,0
BRDA:21,2,0,1
BRDA:21,2,1,1
BRDA:34,3,0,1
BRDA:34,3,1,0
BRDA:41,4,0,0
BRDA:41,4,1,0
BRDA:52,5,0,0
BRDA:52,5,1,0
BRDA:56,6,0,0
BRDA:56,6,1,0
BRDA:63,7,0,0
BRDA:63,7,1,0
BRDA:65,8,0,0
BRDA:65,8,1,0
BRDA:69,9,0,0
BRDA:69,9,1,0
BRF:20
BRH:4
end_of_record
TN:
SF:distribution/local/local.js
FNF:0
FNH:0
DA:14,1
DA:18,1
DA:22,1
DA:26,1
DA:30,1
DA:34,1
DA:38,1
DA:40,1
LF:8
LH:8
BRF:0
BRH:0
end_of_record
TN:
SF:distribution/local/mem.js
FN:2,put
FN:5,get
FN:8,del
FNF:3
FNH:0
FNDA:0,put
FNDA:0,get
FNDA:0,del
DA:11,1
LF:1
LH:1
BRF:0
BRH:0
end_of_record
TN:
SF:distribution/local/node.js
FN:13,getFirstItem
FN:21,(anonymous_1)
FN:22,(anonymous_2)
FN:41,(anonymous_3)
FN:44,(anonymous_4)
FN:58,(anonymous_5)
FN:70,(anonymous_6)
FN:86,(anonymous_7)
FN:104,(anonymous_8)
FN:112,(anonymous_9)
FN:137,(anonymous_10)
FN:143,(anonymous_11)
FNF:12
FNH:7
FNDA:0,getFirstItem
FNDA:1,(anonymous_1)
FNDA:6,(anonymous_2)
FNDA:6,(anonymous_3)
FNDA:6,(anonymous_4)
FNDA:6,(anonymous_5)
FNDA:6,(anonymous_6)
FNDA:0,(anonymous_7)
FNDA:0,(anonymous_8)
FNDA:0,(anonymous_9)
FNDA:1,(anonymous_10)
FNDA:0,(anonymous_11)
DA:1,1
DA:2,1
DA:3,1
DA:4,1
DA:14,0
DA:15,0
DA:17,0
DA:21,1
DA:22,1
DA:24,6
DA:27,6
DA:28,6
DA:29,6
DA:30,6
DA:31,6
DA:40,6
DA:41,6
DA:42,6
DA:44,6
DA:45,6
DA:46,6
DA:47,6
DA:48,6
DA:50,0
DA:51,0
DA:52,0
DA:56,6
DA:57,6
DA:58,6
DA:59,6
DA:60,0
DA:61,0
DA:62,0
DA:63,0
DA:64,0
DA:66,6
DA:67,6
DA:68,6
DA:69,6
DA:70,6
DA:71,6
DA:72,0
DA:73,0
DA:74,0
DA:76,6
DA:77,6
DA:78,6
DA:83,0
DA:84,0
DA:85,0
DA:86,0
DA:87,0
DA:88,0
DA:89,0
DA:91,0
DA:95,0
DA:96,0
DA:97,0
DA:102,0
DA:103,0
DA:104,0
DA:105,0
DA:106,0
DA:107,0
DA:108,0
DA:109,0
DA:110,0
DA:111,0
DA:112,0
DA:113,0
DA:114,0
DA:115,0
DA:117,0
DA:125,0
DA:126,0
DA:127,0
DA:137,1
DA:138,1
DA:139,1
DA:140,1
DA:143,1
DA:144,0
DA:145,0
DA:149,1
LF:84
LH:39
BRDA:14,0,0,0
BRDA:14,0,1,0
BRDA:24,1,0,6
BRDA:24,1,1,0
BRDA:56,2,0,6
BRDA:56,2,1,0
BRDA:59,3,0,0
BRDA:59,3,1,6
BRDA:66,4,0,6
BRDA:66,4,1,0
BRDA:66,5,0,6
BRDA:66,5,1,6
BRDA:71,6,0,0
BRDA:71,6,1,6
BRDA:83,7,0,0
BRDA:83,7,1,0
BRDA:87,8,0,0
BRDA:87,8,1,0
BRDA:105,9,0,0
BRDA:105,9,1,0
BRDA:110,10,0,0
BRDA:110,10,1,0
BRDA:113,11,0,0
BRDA:113,11,1,0
BRF:24
BRH:7
end_of_record
TN:
SF:distribution/local/routes.js
FN:19,get
FN:52,put
FN:64,rem
FNF:3
FNH:2
FNDA:6,get
FNDA:7,put
FNDA:0,rem
DA:8,1
DA:9,1
DA:10,1
DA:11,1
DA:12,1
DA:21,6
DA:22,0
DA:24,6
DA:25,6
DA:28,6
DA:29,0
DA:31,6
DA:32,0
DA:35,6
DA:36,6
DA:37,6
DA:38,6
DA:40,0
DA:53,7
DA:54,7
DA:55,0
DA:57,7
DA:65,0
DA:66,0
DA:67,0
DA:69,0
DA:71,0
DA:74,1
LF:28
LH:18
BRDA:21,0,0,0
BRDA:21,0,1,6
BRDA:24,1,0,6
BRDA:24,1,1,6
BRDA:25,2,0,6
BRDA:25,2,1,6
BRDA:28,3,0,0
BRDA:28,3,1,6
BRDA:28,4,0,6
BRDA:28,4,1,0
BRDA:31,5,0,0
BRDA:31,5,1,6
BRDA:31,6,0,6
BRDA:31,6,1,0
BRDA:31,6,2,0
BRDA:35,7,0,6
BRDA:35,7,1,0
BRDA:37,8,0,6
BRDA:37,8,1,0
BRDA:54,9,0,0
BRDA:54,9,1,7
BRDA:65,10,0,0
BRDA:65,10,1,0
BRF:23
BRH:12
end_of_record
TN:
SF:distribution/local/status.js
FN:16,(anonymous_0)
FN:18,(anonymous_1)
FNF:2
FNH:0
FNDA:0,(anonymous_0)
FNDA:0,(anonymous_1)
DA:7,1
DA:9,1
DA:16,1
DA:17,0
DA:18,0
DA:20,0
DA:21,0
DA:22,0
DA:24,0
DA:25,0
DA:26,0
DA:28,0
DA:29,0
DA:30,0
DA:32,0
DA:33,0
DA:34,0
DA:36,0
DA:37,0
DA:38,0
DA:40,0
DA:41,0
DA:42,0
DA:44,0
DA:45,0
DA:46,0
DA:48,0
DA:51,1
DA:76,1
DA:93,1
LF:30
LH:6
BRDA:18,0,0,0
BRDA:18,0,1,0
BRDA:20,1,0,0
BRDA:20,1,1,0
BRDA:20,2,0,0
BRDA:20,2,1,0
BRDA:24,3,0,0
BRDA:24,3,1,0
BRDA:28,4,0,0
BRDA:28,4,1,0
BRDA:32,5,0,0
BRDA:32,5,1,0
BRDA:36,6,0,0
BRDA:36,6,1,0
BRDA:40,7,0,0
BRDA:40,7,1,0
BRDA:44,8,0,0
BRDA:44,8,1,0
BRF:18
BRH:0
end_of_record
TN:
SF:distribution/local/store.js
FN:8,put
FN:11,get
FN:14,del
FNF:3
FNH:0
FNDA:0,put
FNDA:0,get
FNDA:0,del
DA:17,1
LF:1
LH:1
BRF:0
BRH:0
end_of_record
TN:
SF:distribution/util/id.js
FN:13,getID
FN:24,getNID
FN:34,getSID
FN:39,getMID
FN:46,idToNum
FN:52,naiveHash
FN:57,consistentHash
FN:61,rendezvousHash
FNF:8
FNH:3
FNDA:20,getID
FNDA:14,getNID
FNDA:7,getSID
FNDA:0,getMID
FNDA:0,idToNum
FNDA:0,naiveHash
FNDA:0,consistentHash
FNDA:0,rendezvousHash
DA:3,1
DA:4,1
DA:14,20
DA:15,20
DA:16,20
DA:25,14
DA:26,14
DA:35,7
DA:40,0
DA:41,0
DA:42,0
DA:43,0
DA:47,0
DA:48,0
DA:49,0
DA:53,0
DA:54,0
DA:64,1
LF:18
LH:9
BRF:0
BRH:0
end_of_record
TN:
SF:distribution/util/log.js
FN:7,log
FNF:1
FNH:1
FNDA:6,log
DA:2,1
DA:3,1
DA:5,1
DA:8,6
DA:9,6
DA:12,6
DA:13,6
DA:20,6
DA:24,1
LF:9
LH:9
BRDA:8,0,0,6
BRDA:8,0,1,0
BRF:2
BRH:1
end_of_record
TN:
SF:distribution/util/serialization.js
FN:13,getNativeFunctionPath
FNF:1
FNH:0
FNDA:0,getNativeFunctionPath
DA:1,1
DA:2,1
DA:3,1
DA:6,1
DA:7,1
DA:10,1
DA:11,1
DA:14,0
DA:15,0
DA:16,0
DA:17,0
DA:18,0
DA:19,0
DA:23,0
DA:26,0
DA:29,1
DA:93,1
DA:146,1
LF:18
LH:10
BRDA:18,0,0,0
BRDA:18,0,1,0
BRF:2
BRH:0
end_of_record
TN:
SF:distribution/util/util.js
FNF:0
FNH:0
DA:1,1
DA:2,1
DA:3,1
DA:5,1
LF:4
LH:4
BRF:0
BRH:0
end_of_record
TN:
SF:distribution/util/wire.js
FN:53,toAsync
FN:57,(anonymous_1)
FN:69,(anonymous_2)
FNF:3
FNH:3
FNDA:6,toAsync
FNDA:6,(anonymous_1)
FNDA:12,(anonymous_2)
DA:1,1
DA:2,1
DA:9,1
DA:54,6
DA:57,6
DA:58,6
DA:59,6
DA:60,6
DA:61,6
DA:63,0
DA:69,12
DA:70,6
DA:73,1
LF:13
LH:12
BRF:0
BRH:0
end_of_record
